{"C:\\Uni\\Contemp Software Dev\\EpilepsyApp\\App.js": {"path":"C:\\Uni\\Contemp Software Dev\\EpilepsyApp\\App.js","statementMap":{"0":{"start":{"line":18,"column":14},"end":{"line":18,"column":42}},"1":{"start":{"line":22,"column":2},"end":{"line":38,"column":4}},"2":{"start":{"line":41,"column":15},"end":{"line":85,"column":2}}},"fnMap":{"0":{"name":"App","decl":{"start":{"line":20,"column":24},"end":{"line":20,"column":27}},"loc":{"start":{"line":20,"column":30},"end":{"line":39,"column":1}},"line":20}},"branchMap":{},"s":{"0":2,"1":3,"2":2},"f":{"0":3},"b":{},"_coverageSchema":"1a1c01bbd47fc00a2c39e90264f33305004495a9","hash":"1fb637ced28e10eb22c550b589c55941a2e1f69f"}
,"C:\\Uni\\Contemp Software Dev\\EpilepsyApp\\index.js": {"path":"C:\\Uni\\Contemp Software Dev\\EpilepsyApp\\index.js","statementMap":{"0":{"start":{"line":9,"column":0},"end":{"line":9,"column":27}}},"fnMap":{},"branchMap":{},"s":{"0":0},"f":{},"b":{}}
,"C:\\Uni\\Contemp Software Dev\\EpilepsyApp\\metro.config.js": {"path":"C:\\Uni\\Contemp Software Dev\\EpilepsyApp\\metro.config.js","statementMap":{"0":{"start":{"line":2,"column":29},"end":{"line":2,"column":57}},"1":{"start":{"line":4,"column":0},"end":{"line":4,"column":45}}},"fnMap":{},"branchMap":{},"s":{"0":0,"1":0},"f":{},"b":{}}
,"C:\\Uni\\Contemp Software Dev\\EpilepsyApp\\dist\\js\\app.js": {"path":"C:\\Uni\\Contemp Software Dev\\EpilepsyApp\\dist\\js\\app.js","statementMap":{"0":{"start":{"line":2,"column":22},"end":{"line":4,"column":1}},"1":{"start":{"line":3,"column":4},"end":{"line":3,"column":62}},"2":{"start":{"line":5,"column":0},"end":{"line":5,"column":62}},"3":{"start":{"line":6,"column":18},"end":{"line":6,"column":53}},"4":{"start":{"line":7,"column":19},"end":{"line":7,"column":55}},"5":{"start":{"line":8,"column":15},"end":{"line":8,"column":47}},"6":{"start":{"line":9,"column":17},"end":{"line":9,"column":53}},"7":{"start":{"line":10,"column":12},"end":{"line":10,"column":36}},"8":{"start":{"line":11,"column":17},"end":{"line":11,"column":39}},"9":{"start":{"line":13,"column":0},"end":{"line":13,"column":52}},"10":{"start":{"line":15,"column":0},"end":{"line":15,"column":27}},"11":{"start":{"line":16,"column":13},"end":{"line":16,"column":37}},"12":{"start":{"line":17,"column":0},"end":{"line":17,"column":31}},"13":{"start":{"line":18,"column":0},"end":{"line":18,"column":26}},"14":{"start":{"line":19,"column":12},"end":{"line":19,"column":166}},"15":{"start":{"line":20,"column":0},"end":{"line":25,"column":3}},"16":{"start":{"line":22,"column":16},"end":{"line":22,"column":97}},"17":{"start":{"line":22,"column":39},"end":{"line":22,"column":96}},"18":{"start":{"line":24,"column":4},"end":{"line":24,"column":16}}},"fnMap":{"0":{"name":"(anonymous_0)","decl":{"start":{"line":2,"column":56},"end":{"line":2,"column":57}},"loc":{"start":{"line":2,"column":71},"end":{"line":4,"column":1}},"line":2},"1":{"name":"(anonymous_1)","decl":{"start":{"line":22,"column":10},"end":{"line":22,"column":11}},"loc":{"start":{"line":22,"column":16},"end":{"line":22,"column":97}},"line":22},"2":{"name":"(anonymous_2)","decl":{"start":{"line":22,"column":33},"end":{"line":22,"column":34}},"loc":{"start":{"line":22,"column":39},"end":{"line":22,"column":96}},"line":22},"3":{"name":"(anonymous_3)","decl":{"start":{"line":23,"column":11},"end":{"line":23,"column":12}},"loc":{"start":{"line":23,"column":20},"end":{"line":25,"column":1}},"line":23}},"branchMap":{"0":{"loc":{"start":{"line":2,"column":22},"end":{"line":4,"column":1}},"type":"binary-expr","locations":[{"start":{"line":2,"column":23},"end":{"line":2,"column":27}},{"start":{"line":2,"column":31},"end":{"line":2,"column":51}},{"start":{"line":2,"column":56},"end":{"line":4,"column":1}}],"line":2},"1":{"loc":{"start":{"line":3,"column":11},"end":{"line":3,"column":61}},"type":"cond-expr","locations":[{"start":{"line":3,"column":37},"end":{"line":3,"column":40}},{"start":{"line":3,"column":43},"end":{"line":3,"column":61}}],"line":3},"2":{"loc":{"start":{"line":3,"column":12},"end":{"line":3,"column":33}},"type":"binary-expr","locations":[{"start":{"line":3,"column":12},"end":{"line":3,"column":15}},{"start":{"line":3,"column":19},"end":{"line":3,"column":33}}],"line":3},"3":{"loc":{"start":{"line":16,"column":13},"end":{"line":16,"column":37}},"type":"binary-expr","locations":[{"start":{"line":16,"column":13},"end":{"line":16,"column":29}},{"start":{"line":16,"column":33},"end":{"line":16,"column":37}}],"line":16}},"s":{"0":0,"1":0,"2":0,"3":0,"4":0,"5":0,"6":0,"7":0,"8":0,"9":0,"10":0,"11":0,"12":0,"13":0,"14":0,"15":0,"16":0,"17":0,"18":0},"f":{"0":0,"1":0,"2":0,"3":0},"b":{"0":[0,0,0],"1":[0,0],"2":[0,0],"3":[0,0]}}
,"C:\\Uni\\Contemp Software Dev\\EpilepsyApp\\dist\\js\\controllers\\movie\\index.js": {"path":"C:\\Uni\\Contemp Software Dev\\EpilepsyApp\\dist\\js\\controllers\\movie\\index.js","statementMap":{"0":{"start":{"line":2,"column":16},"end":{"line":10,"column":1}},"1":{"start":{"line":3,"column":28},"end":{"line":3,"column":110}},"2":{"start":{"line":3,"column":91},"end":{"line":3,"column":106}},"3":{"start":{"line":4,"column":4},"end":{"line":9,"column":7}},"4":{"start":{"line":5,"column":36},"end":{"line":5,"column":97}},"5":{"start":{"line":5,"column":42},"end":{"line":5,"column":70}},"6":{"start":{"line":5,"column":85},"end":{"line":5,"column":95}},"7":{"start":{"line":6,"column":35},"end":{"line":6,"column":100}},"8":{"start":{"line":6,"column":41},"end":{"line":6,"column":73}},"9":{"start":{"line":6,"column":88},"end":{"line":6,"column":98}},"10":{"start":{"line":7,"column":32},"end":{"line":7,"column":116}},"11":{"start":{"line":8,"column":8},"end":{"line":8,"column":78}},"12":{"start":{"line":11,"column":22},"end":{"line":13,"column":1}},"13":{"start":{"line":12,"column":4},"end":{"line":12,"column":62}},"14":{"start":{"line":14,"column":0},"end":{"line":14,"column":62}},"15":{"start":{"line":15,"column":0},"end":{"line":15,"column":90}},"16":{"start":{"line":16,"column":16},"end":{"line":16,"column":62}},"17":{"start":{"line":17,"column":18},"end":{"line":25,"column":2}},"18":{"start":{"line":17,"column":32},"end":{"line":25,"column":2}},"19":{"start":{"line":18,"column":4},"end":{"line":24,"column":5}},"20":{"start":{"line":19,"column":23},"end":{"line":19,"column":51}},"21":{"start":{"line":20,"column":8},"end":{"line":20,"column":41}},"22":{"start":{"line":23,"column":8},"end":{"line":23,"column":20}},"23":{"start":{"line":26,"column":0},"end":{"line":26,"column":30}},"24":{"start":{"line":27,"column":17},"end":{"line":45,"column":2}},"25":{"start":{"line":27,"column":31},"end":{"line":45,"column":2}},"26":{"start":{"line":28,"column":4},"end":{"line":44,"column":5}},"27":{"start":{"line":29,"column":21},"end":{"line":29,"column":29}},"28":{"start":{"line":30,"column":8},"end":{"line":30,"column":88}},"29":{"start":{"line":31,"column":22},"end":{"line":35,"column":10}},"30":{"start":{"line":36,"column":25},"end":{"line":36,"column":43}},"31":{"start":{"line":37,"column":26},"end":{"line":37,"column":54}},"32":{"start":{"line":38,"column":8},"end":{"line":40,"column":82}},"33":{"start":{"line":43,"column":8},"end":{"line":43,"column":20}},"34":{"start":{"line":46,"column":0},"end":{"line":46,"column":28}},"35":{"start":{"line":47,"column":20},"end":{"line":61,"column":2}},"36":{"start":{"line":47,"column":34},"end":{"line":61,"column":2}},"37":{"start":{"line":48,"column":4},"end":{"line":60,"column":5}},"38":{"start":{"line":49,"column":42},"end":{"line":49,"column":45}},"39":{"start":{"line":50,"column":28},"end":{"line":50,"column":86}},"40":{"start":{"line":51,"column":26},"end":{"line":51,"column":54}},"41":{"start":{"line":52,"column":8},"end":{"line":56,"column":11}},"42":{"start":{"line":59,"column":8},"end":{"line":59,"column":20}},"43":{"start":{"line":62,"column":0},"end":{"line":62,"column":34}},"44":{"start":{"line":63,"column":20},"end":{"line":77,"column":2}},"45":{"start":{"line":63,"column":34},"end":{"line":77,"column":2}},"46":{"start":{"line":64,"column":4},"end":{"line":76,"column":5}},"47":{"start":{"line":65,"column":42},"end":{"line":65,"column":45}},"48":{"start":{"line":66,"column":29},"end":{"line":66,"column":87}},"49":{"start":{"line":67,"column":26},"end":{"line":67,"column":54}},"50":{"start":{"line":68,"column":8},"end":{"line":72,"column":11}},"51":{"start":{"line":75,"column":8},"end":{"line":75,"column":20}},"52":{"start":{"line":78,"column":0},"end":{"line":78,"column":34}}},"fnMap":{"0":{"name":"(anonymous_0)","decl":{"start":{"line":2,"column":44},"end":{"line":2,"column":45}},"loc":{"start":{"line":2,"column":89},"end":{"line":10,"column":1}},"line":2},"1":{"name":"adopt","decl":{"start":{"line":3,"column":13},"end":{"line":3,"column":18}},"loc":{"start":{"line":3,"column":26},"end":{"line":3,"column":112}},"line":3},"2":{"name":"(anonymous_2)","decl":{"start":{"line":3,"column":70},"end":{"line":3,"column":71}},"loc":{"start":{"line":3,"column":89},"end":{"line":3,"column":108}},"line":3},"3":{"name":"(anonymous_3)","decl":{"start":{"line":4,"column":36},"end":{"line":4,"column":37}},"loc":{"start":{"line":4,"column":63},"end":{"line":9,"column":5}},"line":4},"4":{"name":"fulfilled","decl":{"start":{"line":5,"column":17},"end":{"line":5,"column":26}},"loc":{"start":{"line":5,"column":34},"end":{"line":5,"column":99}},"line":5},"5":{"name":"rejected","decl":{"start":{"line":6,"column":17},"end":{"line":6,"column":25}},"loc":{"start":{"line":6,"column":33},"end":{"line":6,"column":102}},"line":6},"6":{"name":"step","decl":{"start":{"line":7,"column":17},"end":{"line":7,"column":21}},"loc":{"start":{"line":7,"column":30},"end":{"line":7,"column":118}},"line":7},"7":{"name":"(anonymous_7)","decl":{"start":{"line":11,"column":56},"end":{"line":11,"column":57}},"loc":{"start":{"line":11,"column":71},"end":{"line":13,"column":1}},"line":11},"8":{"name":"(anonymous_8)","decl":{"start":{"line":17,"column":18},"end":{"line":17,"column":19}},"loc":{"start":{"line":17,"column":32},"end":{"line":25,"column":2}},"line":17},"9":{"name":"(anonymous_9)","decl":{"start":{"line":17,"column":66},"end":{"line":17,"column":67}},"loc":{"start":{"line":17,"column":79},"end":{"line":25,"column":1}},"line":17},"10":{"name":"(anonymous_10)","decl":{"start":{"line":27,"column":17},"end":{"line":27,"column":18}},"loc":{"start":{"line":27,"column":31},"end":{"line":45,"column":2}},"line":27},"11":{"name":"(anonymous_11)","decl":{"start":{"line":27,"column":65},"end":{"line":27,"column":66}},"loc":{"start":{"line":27,"column":78},"end":{"line":45,"column":1}},"line":27},"12":{"name":"(anonymous_12)","decl":{"start":{"line":47,"column":20},"end":{"line":47,"column":21}},"loc":{"start":{"line":47,"column":34},"end":{"line":61,"column":2}},"line":47},"13":{"name":"(anonymous_13)","decl":{"start":{"line":47,"column":68},"end":{"line":47,"column":69}},"loc":{"start":{"line":47,"column":81},"end":{"line":61,"column":1}},"line":47},"14":{"name":"(anonymous_14)","decl":{"start":{"line":63,"column":20},"end":{"line":63,"column":21}},"loc":{"start":{"line":63,"column":34},"end":{"line":77,"column":2}},"line":63},"15":{"name":"(anonymous_15)","decl":{"start":{"line":63,"column":68},"end":{"line":63,"column":69}},"loc":{"start":{"line":63,"column":81},"end":{"line":77,"column":1}},"line":63}},"branchMap":{"0":{"loc":{"start":{"line":2,"column":16},"end":{"line":10,"column":1}},"type":"binary-expr","locations":[{"start":{"line":2,"column":17},"end":{"line":2,"column":21}},{"start":{"line":2,"column":25},"end":{"line":2,"column":39}},{"start":{"line":2,"column":44},"end":{"line":10,"column":1}}],"line":2},"1":{"loc":{"start":{"line":3,"column":35},"end":{"line":3,"column":109}},"type":"cond-expr","locations":[{"start":{"line":3,"column":56},"end":{"line":3,"column":61}},{"start":{"line":3,"column":64},"end":{"line":3,"column":109}}],"line":3},"2":{"loc":{"start":{"line":4,"column":16},"end":{"line":4,"column":34}},"type":"binary-expr","locations":[{"start":{"line":4,"column":16},"end":{"line":4,"column":17}},{"start":{"line":4,"column":22},"end":{"line":4,"column":33}}],"line":4},"3":{"loc":{"start":{"line":7,"column":32},"end":{"line":7,"column":115}},"type":"cond-expr","locations":[{"start":{"line":7,"column":46},"end":{"line":7,"column":67}},{"start":{"line":7,"column":70},"end":{"line":7,"column":115}}],"line":7},"4":{"loc":{"start":{"line":8,"column":51},"end":{"line":8,"column":67}},"type":"binary-expr","locations":[{"start":{"line":8,"column":51},"end":{"line":8,"column":61}},{"start":{"line":8,"column":65},"end":{"line":8,"column":67}}],"line":8},"5":{"loc":{"start":{"line":11,"column":22},"end":{"line":13,"column":1}},"type":"binary-expr","locations":[{"start":{"line":11,"column":23},"end":{"line":11,"column":27}},{"start":{"line":11,"column":31},"end":{"line":11,"column":51}},{"start":{"line":11,"column":56},"end":{"line":13,"column":1}}],"line":11},"6":{"loc":{"start":{"line":12,"column":11},"end":{"line":12,"column":61}},"type":"cond-expr","locations":[{"start":{"line":12,"column":37},"end":{"line":12,"column":40}},{"start":{"line":12,"column":43},"end":{"line":12,"column":61}}],"line":12},"7":{"loc":{"start":{"line":12,"column":12},"end":{"line":12,"column":33}},"type":"binary-expr","locations":[{"start":{"line":12,"column":12},"end":{"line":12,"column":15}},{"start":{"line":12,"column":19},"end":{"line":12,"column":33}}],"line":12}},"s":{"0":0,"1":0,"2":0,"3":0,"4":0,"5":0,"6":0,"7":0,"8":0,"9":0,"10":0,"11":0,"12":0,"13":0,"14":0,"15":0,"16":0,"17":0,"18":0,"19":0,"20":0,"21":0,"22":0,"23":0,"24":0,"25":0,"26":0,"27":0,"28":0,"29":0,"30":0,"31":0,"32":0,"33":0,"34":0,"35":0,"36":0,"37":0,"38":0,"39":0,"40":0,"41":0,"42":0,"43":0,"44":0,"45":0,"46":0,"47":0,"48":0,"49":0,"50":0,"51":0,"52":0},"f":{"0":0,"1":0,"2":0,"3":0,"4":0,"5":0,"6":0,"7":0,"8":0,"9":0,"10":0,"11":0,"12":0,"13":0,"14":0,"15":0},"b":{"0":[0,0,0],"1":[0,0],"2":[0,0],"3":[0,0],"4":[0,0],"5":[0,0,0],"6":[0,0],"7":[0,0]}}
,"C:\\Uni\\Contemp Software Dev\\EpilepsyApp\\dist\\js\\controllers\\user\\index.js": {"path":"C:\\Uni\\Contemp Software Dev\\EpilepsyApp\\dist\\js\\controllers\\user\\index.js","statementMap":{"0":{"start":{"line":2,"column":16},"end":{"line":10,"column":1}},"1":{"start":{"line":3,"column":28},"end":{"line":3,"column":110}},"2":{"start":{"line":3,"column":91},"end":{"line":3,"column":106}},"3":{"start":{"line":4,"column":4},"end":{"line":9,"column":7}},"4":{"start":{"line":5,"column":36},"end":{"line":5,"column":97}},"5":{"start":{"line":5,"column":42},"end":{"line":5,"column":70}},"6":{"start":{"line":5,"column":85},"end":{"line":5,"column":95}},"7":{"start":{"line":6,"column":35},"end":{"line":6,"column":100}},"8":{"start":{"line":6,"column":41},"end":{"line":6,"column":73}},"9":{"start":{"line":6,"column":88},"end":{"line":6,"column":98}},"10":{"start":{"line":7,"column":32},"end":{"line":7,"column":116}},"11":{"start":{"line":8,"column":8},"end":{"line":8,"column":78}},"12":{"start":{"line":11,"column":22},"end":{"line":13,"column":1}},"13":{"start":{"line":12,"column":4},"end":{"line":12,"column":62}},"14":{"start":{"line":14,"column":0},"end":{"line":14,"column":62}},"15":{"start":{"line":15,"column":0},"end":{"line":15,"column":151}},"16":{"start":{"line":16,"column":15},"end":{"line":16,"column":60}},"17":{"start":{"line":17,"column":20},"end":{"line":25,"column":2}},"18":{"start":{"line":17,"column":34},"end":{"line":25,"column":2}},"19":{"start":{"line":18,"column":4},"end":{"line":24,"column":5}},"20":{"start":{"line":19,"column":25},"end":{"line":19,"column":76}},"21":{"start":{"line":20,"column":8},"end":{"line":20,"column":43}},"22":{"start":{"line":23,"column":8},"end":{"line":23,"column":20}},"23":{"start":{"line":26,"column":0},"end":{"line":26,"column":34}},"24":{"start":{"line":27,"column":22},"end":{"line":44,"column":2}},"25":{"start":{"line":27,"column":36},"end":{"line":44,"column":2}},"26":{"start":{"line":29,"column":4},"end":{"line":43,"column":5}},"27":{"start":{"line":30,"column":42},"end":{"line":30,"column":45}},"28":{"start":{"line":31,"column":24},"end":{"line":31,"column":26}},"29":{"start":{"line":32,"column":25},"end":{"line":32,"column":76}},"30":{"start":{"line":33,"column":27},"end":{"line":33,"column":29}},"31":{"start":{"line":34,"column":8},"end":{"line":38,"column":9}},"32":{"start":{"line":34,"column":21},"end":{"line":34,"column":22}},"33":{"start":{"line":35,"column":12},"end":{"line":37,"column":13}},"34":{"start":{"line":36,"column":16},"end":{"line":36,"column":45}},"35":{"start":{"line":39,"column":8},"end":{"line":39,"column":45}},"36":{"start":{"line":42,"column":8},"end":{"line":42,"column":20}},"37":{"start":{"line":45,"column":0},"end":{"line":45,"column":38}},"38":{"start":{"line":46,"column":18},"end":{"line":54,"column":2}},"39":{"start":{"line":46,"column":32},"end":{"line":54,"column":2}},"40":{"start":{"line":47,"column":4},"end":{"line":53,"column":5}},"41":{"start":{"line":48,"column":23},"end":{"line":48,"column":72}},"42":{"start":{"line":49,"column":8},"end":{"line":49,"column":41}},"43":{"start":{"line":52,"column":8},"end":{"line":52,"column":20}},"44":{"start":{"line":55,"column":0},"end":{"line":55,"column":30}},"45":{"start":{"line":56,"column":16},"end":{"line":65,"column":2}},"46":{"start":{"line":56,"column":30},"end":{"line":65,"column":2}},"47":{"start":{"line":57,"column":4},"end":{"line":64,"column":5}},"48":{"start":{"line":58,"column":45},"end":{"line":58,"column":48}},"49":{"start":{"line":59,"column":21},"end":{"line":59,"column":64}},"50":{"start":{"line":60,"column":8},"end":{"line":60,"column":39}},"51":{"start":{"line":63,"column":8},"end":{"line":63,"column":20}},"52":{"start":{"line":66,"column":0},"end":{"line":66,"column":26}},"53":{"start":{"line":67,"column":16},"end":{"line":93,"column":2}},"54":{"start":{"line":67,"column":30},"end":{"line":93,"column":2}},"55":{"start":{"line":68,"column":4},"end":{"line":92,"column":5}},"56":{"start":{"line":69,"column":21},"end":{"line":69,"column":29}},"57":{"start":{"line":70,"column":8},"end":{"line":70,"column":67}},"58":{"start":{"line":71,"column":21},"end":{"line":83,"column":10}},"59":{"start":{"line":84,"column":24},"end":{"line":84,"column":41}},"60":{"start":{"line":85,"column":25},"end":{"line":85,"column":52}},"61":{"start":{"line":86,"column":8},"end":{"line":88,"column":77}},"62":{"start":{"line":91,"column":8},"end":{"line":91,"column":20}},"63":{"start":{"line":94,"column":0},"end":{"line":94,"column":26}},"64":{"start":{"line":95,"column":19},"end":{"line":109,"column":2}},"65":{"start":{"line":95,"column":33},"end":{"line":109,"column":2}},"66":{"start":{"line":96,"column":4},"end":{"line":108,"column":5}},"67":{"start":{"line":97,"column":42},"end":{"line":97,"column":45}},"68":{"start":{"line":98,"column":27},"end":{"line":98,"column":84}},"69":{"start":{"line":99,"column":25},"end":{"line":99,"column":52}},"70":{"start":{"line":100,"column":8},"end":{"line":104,"column":11}},"71":{"start":{"line":107,"column":8},"end":{"line":107,"column":20}},"72":{"start":{"line":110,"column":0},"end":{"line":110,"column":32}},"73":{"start":{"line":111,"column":19},"end":{"line":125,"column":2}},"74":{"start":{"line":111,"column":33},"end":{"line":125,"column":2}},"75":{"start":{"line":112,"column":4},"end":{"line":124,"column":5}},"76":{"start":{"line":113,"column":42},"end":{"line":113,"column":45}},"77":{"start":{"line":114,"column":28},"end":{"line":114,"column":85}},"78":{"start":{"line":115,"column":25},"end":{"line":115,"column":52}},"79":{"start":{"line":116,"column":8},"end":{"line":120,"column":11}},"80":{"start":{"line":123,"column":8},"end":{"line":123,"column":20}},"81":{"start":{"line":126,"column":0},"end":{"line":126,"column":32}}},"fnMap":{"0":{"name":"(anonymous_0)","decl":{"start":{"line":2,"column":44},"end":{"line":2,"column":45}},"loc":{"start":{"line":2,"column":89},"end":{"line":10,"column":1}},"line":2},"1":{"name":"adopt","decl":{"start":{"line":3,"column":13},"end":{"line":3,"column":18}},"loc":{"start":{"line":3,"column":26},"end":{"line":3,"column":112}},"line":3},"2":{"name":"(anonymous_2)","decl":{"start":{"line":3,"column":70},"end":{"line":3,"column":71}},"loc":{"start":{"line":3,"column":89},"end":{"line":3,"column":108}},"line":3},"3":{"name":"(anonymous_3)","decl":{"start":{"line":4,"column":36},"end":{"line":4,"column":37}},"loc":{"start":{"line":4,"column":63},"end":{"line":9,"column":5}},"line":4},"4":{"name":"fulfilled","decl":{"start":{"line":5,"column":17},"end":{"line":5,"column":26}},"loc":{"start":{"line":5,"column":34},"end":{"line":5,"column":99}},"line":5},"5":{"name":"rejected","decl":{"start":{"line":6,"column":17},"end":{"line":6,"column":25}},"loc":{"start":{"line":6,"column":33},"end":{"line":6,"column":102}},"line":6},"6":{"name":"step","decl":{"start":{"line":7,"column":17},"end":{"line":7,"column":21}},"loc":{"start":{"line":7,"column":30},"end":{"line":7,"column":118}},"line":7},"7":{"name":"(anonymous_7)","decl":{"start":{"line":11,"column":56},"end":{"line":11,"column":57}},"loc":{"start":{"line":11,"column":71},"end":{"line":13,"column":1}},"line":11},"8":{"name":"(anonymous_8)","decl":{"start":{"line":17,"column":20},"end":{"line":17,"column":21}},"loc":{"start":{"line":17,"column":34},"end":{"line":25,"column":2}},"line":17},"9":{"name":"(anonymous_9)","decl":{"start":{"line":17,"column":68},"end":{"line":17,"column":69}},"loc":{"start":{"line":17,"column":81},"end":{"line":25,"column":1}},"line":17},"10":{"name":"(anonymous_10)","decl":{"start":{"line":27,"column":22},"end":{"line":27,"column":23}},"loc":{"start":{"line":27,"column":36},"end":{"line":44,"column":2}},"line":27},"11":{"name":"(anonymous_11)","decl":{"start":{"line":27,"column":70},"end":{"line":27,"column":71}},"loc":{"start":{"line":27,"column":83},"end":{"line":44,"column":1}},"line":27},"12":{"name":"(anonymous_12)","decl":{"start":{"line":46,"column":18},"end":{"line":46,"column":19}},"loc":{"start":{"line":46,"column":32},"end":{"line":54,"column":2}},"line":46},"13":{"name":"(anonymous_13)","decl":{"start":{"line":46,"column":66},"end":{"line":46,"column":67}},"loc":{"start":{"line":46,"column":79},"end":{"line":54,"column":1}},"line":46},"14":{"name":"(anonymous_14)","decl":{"start":{"line":56,"column":16},"end":{"line":56,"column":17}},"loc":{"start":{"line":56,"column":30},"end":{"line":65,"column":2}},"line":56},"15":{"name":"(anonymous_15)","decl":{"start":{"line":56,"column":64},"end":{"line":56,"column":65}},"loc":{"start":{"line":56,"column":77},"end":{"line":65,"column":1}},"line":56},"16":{"name":"(anonymous_16)","decl":{"start":{"line":67,"column":16},"end":{"line":67,"column":17}},"loc":{"start":{"line":67,"column":30},"end":{"line":93,"column":2}},"line":67},"17":{"name":"(anonymous_17)","decl":{"start":{"line":67,"column":64},"end":{"line":67,"column":65}},"loc":{"start":{"line":67,"column":77},"end":{"line":93,"column":1}},"line":67},"18":{"name":"(anonymous_18)","decl":{"start":{"line":95,"column":19},"end":{"line":95,"column":20}},"loc":{"start":{"line":95,"column":33},"end":{"line":109,"column":2}},"line":95},"19":{"name":"(anonymous_19)","decl":{"start":{"line":95,"column":67},"end":{"line":95,"column":68}},"loc":{"start":{"line":95,"column":80},"end":{"line":109,"column":1}},"line":95},"20":{"name":"(anonymous_20)","decl":{"start":{"line":111,"column":19},"end":{"line":111,"column":20}},"loc":{"start":{"line":111,"column":33},"end":{"line":125,"column":2}},"line":111},"21":{"name":"(anonymous_21)","decl":{"start":{"line":111,"column":67},"end":{"line":111,"column":68}},"loc":{"start":{"line":111,"column":80},"end":{"line":125,"column":1}},"line":111}},"branchMap":{"0":{"loc":{"start":{"line":2,"column":16},"end":{"line":10,"column":1}},"type":"binary-expr","locations":[{"start":{"line":2,"column":17},"end":{"line":2,"column":21}},{"start":{"line":2,"column":25},"end":{"line":2,"column":39}},{"start":{"line":2,"column":44},"end":{"line":10,"column":1}}],"line":2},"1":{"loc":{"start":{"line":3,"column":35},"end":{"line":3,"column":109}},"type":"cond-expr","locations":[{"start":{"line":3,"column":56},"end":{"line":3,"column":61}},{"start":{"line":3,"column":64},"end":{"line":3,"column":109}}],"line":3},"2":{"loc":{"start":{"line":4,"column":16},"end":{"line":4,"column":34}},"type":"binary-expr","locations":[{"start":{"line":4,"column":16},"end":{"line":4,"column":17}},{"start":{"line":4,"column":22},"end":{"line":4,"column":33}}],"line":4},"3":{"loc":{"start":{"line":7,"column":32},"end":{"line":7,"column":115}},"type":"cond-expr","locations":[{"start":{"line":7,"column":46},"end":{"line":7,"column":67}},{"start":{"line":7,"column":70},"end":{"line":7,"column":115}}],"line":7},"4":{"loc":{"start":{"line":8,"column":51},"end":{"line":8,"column":67}},"type":"binary-expr","locations":[{"start":{"line":8,"column":51},"end":{"line":8,"column":61}},{"start":{"line":8,"column":65},"end":{"line":8,"column":67}}],"line":8},"5":{"loc":{"start":{"line":11,"column":22},"end":{"line":13,"column":1}},"type":"binary-expr","locations":[{"start":{"line":11,"column":23},"end":{"line":11,"column":27}},{"start":{"line":11,"column":31},"end":{"line":11,"column":51}},{"start":{"line":11,"column":56},"end":{"line":13,"column":1}}],"line":11},"6":{"loc":{"start":{"line":12,"column":11},"end":{"line":12,"column":61}},"type":"cond-expr","locations":[{"start":{"line":12,"column":37},"end":{"line":12,"column":40}},{"start":{"line":12,"column":43},"end":{"line":12,"column":61}}],"line":12},"7":{"loc":{"start":{"line":12,"column":12},"end":{"line":12,"column":33}},"type":"binary-expr","locations":[{"start":{"line":12,"column":12},"end":{"line":12,"column":15}},{"start":{"line":12,"column":19},"end":{"line":12,"column":33}}],"line":12},"8":{"loc":{"start":{"line":35,"column":12},"end":{"line":37,"column":13}},"type":"if","locations":[{"start":{"line":35,"column":12},"end":{"line":37,"column":13}},{"start":{},"end":{}}],"line":35},"9":{"loc":{"start":{"line":35,"column":17},"end":{"line":35,"column":107}},"type":"cond-expr","locations":[{"start":{"line":35,"column":80},"end":{"line":35,"column":86}},{"start":{"line":35,"column":89},"end":{"line":35,"column":107}}],"line":35},"10":{"loc":{"start":{"line":35,"column":17},"end":{"line":35,"column":77}},"type":"binary-expr","locations":[{"start":{"line":35,"column":17},"end":{"line":35,"column":60}},{"start":{"line":35,"column":64},"end":{"line":35,"column":77}}],"line":35}},"s":{"0":0,"1":0,"2":0,"3":0,"4":0,"5":0,"6":0,"7":0,"8":0,"9":0,"10":0,"11":0,"12":0,"13":0,"14":0,"15":0,"16":0,"17":0,"18":0,"19":0,"20":0,"21":0,"22":0,"23":0,"24":0,"25":0,"26":0,"27":0,"28":0,"29":0,"30":0,"31":0,"32":0,"33":0,"34":0,"35":0,"36":0,"37":0,"38":0,"39":0,"40":0,"41":0,"42":0,"43":0,"44":0,"45":0,"46":0,"47":0,"48":0,"49":0,"50":0,"51":0,"52":0,"53":0,"54":0,"55":0,"56":0,"57":0,"58":0,"59":0,"60":0,"61":0,"62":0,"63":0,"64":0,"65":0,"66":0,"67":0,"68":0,"69":0,"70":0,"71":0,"72":0,"73":0,"74":0,"75":0,"76":0,"77":0,"78":0,"79":0,"80":0,"81":0},"f":{"0":0,"1":0,"2":0,"3":0,"4":0,"5":0,"6":0,"7":0,"8":0,"9":0,"10":0,"11":0,"12":0,"13":0,"14":0,"15":0,"16":0,"17":0,"18":0,"19":0,"20":0,"21":0},"b":{"0":[0,0,0],"1":[0,0],"2":[0,0],"3":[0,0],"4":[0,0],"5":[0,0,0],"6":[0,0],"7":[0,0],"8":[0,0],"9":[0,0],"10":[0,0]}}
,"C:\\Uni\\Contemp Software Dev\\EpilepsyApp\\dist\\js\\models\\movie.js": {"path":"C:\\Uni\\Contemp Software Dev\\EpilepsyApp\\dist\\js\\models\\movie.js","statementMap":{"0":{"start":{"line":2,"column":0},"end":{"line":2,"column":62}},"1":{"start":{"line":3,"column":19},"end":{"line":3,"column":38}},"2":{"start":{"line":4,"column":20},"end":{"line":18,"column":24}},"3":{"start":{"line":19,"column":0},"end":{"line":19,"column":62}}},"fnMap":{},"branchMap":{},"s":{"0":0,"1":0,"2":0,"3":0},"f":{},"b":{}}
,"C:\\Uni\\Contemp Software Dev\\EpilepsyApp\\dist\\js\\models\\user.js": {"path":"C:\\Uni\\Contemp Software Dev\\EpilepsyApp\\dist\\js\\models\\user.js","statementMap":{"0":{"start":{"line":2,"column":0},"end":{"line":2,"column":62}},"1":{"start":{"line":3,"column":19},"end":{"line":3,"column":38}},"2":{"start":{"line":4,"column":22},"end":{"line":26,"column":2}},"3":{"start":{"line":27,"column":19},"end":{"line":69,"column":24}},"4":{"start":{"line":70,"column":0},"end":{"line":70,"column":60}}},"fnMap":{},"branchMap":{},"s":{"0":0,"1":0,"2":0,"3":0,"4":0},"f":{},"b":{}}
,"C:\\Uni\\Contemp Software Dev\\EpilepsyApp\\dist\\js\\routes\\index.js": {"path":"C:\\Uni\\Contemp Software Dev\\EpilepsyApp\\dist\\js\\routes\\index.js","statementMap":{"0":{"start":{"line":2,"column":0},"end":{"line":2,"column":62}},"1":{"start":{"line":3,"column":18},"end":{"line":3,"column":36}},"2":{"start":{"line":4,"column":16},"end":{"line":4,"column":47}},"3":{"start":{"line":5,"column":15},"end":{"line":5,"column":45}},"4":{"start":{"line":6,"column":15},"end":{"line":6,"column":38}},"5":{"start":{"line":8,"column":0},"end":{"line":8,"column":41}},"6":{"start":{"line":9,"column":0},"end":{"line":9,"column":44}},"7":{"start":{"line":10,"column":0},"end":{"line":10,"column":51}},"8":{"start":{"line":11,"column":0},"end":{"line":11,"column":56}},"9":{"start":{"line":13,"column":0},"end":{"line":13,"column":44}},"10":{"start":{"line":14,"column":0},"end":{"line":14,"column":43}},"11":{"start":{"line":15,"column":0},"end":{"line":15,"column":53}},"12":{"start":{"line":16,"column":0},"end":{"line":16,"column":40}},"13":{"start":{"line":17,"column":0},"end":{"line":17,"column":41}},"14":{"start":{"line":18,"column":0},"end":{"line":18,"column":48}},"15":{"start":{"line":19,"column":0},"end":{"line":19,"column":53}},"16":{"start":{"line":20,"column":0},"end":{"line":20,"column":25}}},"fnMap":{},"branchMap":{},"s":{"0":0,"1":0,"2":0,"3":0,"4":0,"5":0,"6":0,"7":0,"8":0,"9":0,"10":0,"11":0,"12":0,"13":0,"14":0,"15":0,"16":0},"f":{},"b":{}}
,"C:\\Uni\\Contemp Software Dev\\EpilepsyApp\\dist\\js\\types\\movie.js": {"path":"C:\\Uni\\Contemp Software Dev\\EpilepsyApp\\dist\\js\\types\\movie.js","statementMap":{"0":{"start":{"line":2,"column":0},"end":{"line":2,"column":62}}},"fnMap":{},"branchMap":{},"s":{"0":0},"f":{},"b":{}}
,"C:\\Uni\\Contemp Software Dev\\EpilepsyApp\\dist\\js\\types\\user.js": {"path":"C:\\Uni\\Contemp Software Dev\\EpilepsyApp\\dist\\js\\types\\user.js","statementMap":{"0":{"start":{"line":2,"column":0},"end":{"line":2,"column":62}}},"fnMap":{},"branchMap":{},"s":{"0":0},"f":{},"b":{}}
,"C:\\Uni\\Contemp Software Dev\\EpilepsyApp\\src\\main\\components\\AddMHItem.js": {"path":"C:\\Uni\\Contemp Software Dev\\EpilepsyApp\\src\\main\\components\\AddMHItem.js","statementMap":{"0":{"start":{"line":3,"column":15},"end":{"line":3,"column":53}},"1":{"start":{"line":6,"column":26},"end":{"line":6,"column":38}},"2":{"start":{"line":7,"column":2},"end":{"line":25,"column":4}},"3":{"start":{"line":11,"column":10},"end":{"line":11,"column":27}},"4":{"start":{"line":20,"column":10},"end":{"line":20,"column":32}},"5":{"start":{"line":28,"column":17},"end":{"line":67,"column":2}}},"fnMap":{"0":{"name":"addMHItem","decl":{"start":{"line":5,"column":24},"end":{"line":5,"column":33}},"loc":{"start":{"line":5,"column":41},"end":{"line":26,"column":1}},"line":5},"1":{"name":"(anonymous_1)","decl":{"start":{"line":10,"column":22},"end":{"line":10,"column":23}},"loc":{"start":{"line":10,"column":35},"end":{"line":12,"column":9}},"line":10},"2":{"name":"(anonymous_2)","decl":{"start":{"line":19,"column":17},"end":{"line":19,"column":18}},"loc":{"start":{"line":19,"column":23},"end":{"line":21,"column":9}},"line":19}},"branchMap":{},"s":{"0":2,"1":0,"2":0,"3":0,"4":0,"5":2},"f":{"0":0,"1":0,"2":0},"b":{},"_coverageSchema":"1a1c01bbd47fc00a2c39e90264f33305004495a9","hash":"e00b779eb7ec9b599c09d82f792ce4a8de421ca6"}
,"C:\\Uni\\Contemp Software Dev\\EpilepsyApp\\src\\main\\components\\AddTriggersItem.js": {"path":"C:\\Uni\\Contemp Software Dev\\EpilepsyApp\\src\\main\\components\\AddTriggersItem.js","statementMap":{"0":{"start":{"line":3,"column":15},"end":{"line":3,"column":53}},"1":{"start":{"line":6,"column":26},"end":{"line":6,"column":38}},"2":{"start":{"line":7,"column":2},"end":{"line":25,"column":4}},"3":{"start":{"line":11,"column":10},"end":{"line":11,"column":27}},"4":{"start":{"line":20,"column":10},"end":{"line":20,"column":38}},"5":{"start":{"line":28,"column":17},"end":{"line":67,"column":2}}},"fnMap":{"0":{"name":"addTriggersItem","decl":{"start":{"line":5,"column":24},"end":{"line":5,"column":39}},"loc":{"start":{"line":5,"column":47},"end":{"line":26,"column":1}},"line":5},"1":{"name":"(anonymous_1)","decl":{"start":{"line":10,"column":22},"end":{"line":10,"column":23}},"loc":{"start":{"line":10,"column":35},"end":{"line":12,"column":9}},"line":10},"2":{"name":"(anonymous_2)","decl":{"start":{"line":19,"column":17},"end":{"line":19,"column":18}},"loc":{"start":{"line":19,"column":23},"end":{"line":21,"column":9}},"line":19}},"branchMap":{},"s":{"0":2,"1":0,"2":0,"3":0,"4":0,"5":2},"f":{"0":0,"1":0,"2":0},"b":{},"_coverageSchema":"1a1c01bbd47fc00a2c39e90264f33305004495a9","hash":"f00b7a687174372fc3779acb43c1d9f47e9f2d0a"}
,"C:\\Uni\\Contemp Software Dev\\EpilepsyApp\\src\\main\\components\\AddTypeItem.js": {"path":"C:\\Uni\\Contemp Software Dev\\EpilepsyApp\\src\\main\\components\\AddTypeItem.js","statementMap":{"0":{"start":{"line":3,"column":15},"end":{"line":3,"column":53}},"1":{"start":{"line":6,"column":26},"end":{"line":6,"column":38}},"2":{"start":{"line":7,"column":2},"end":{"line":25,"column":4}},"3":{"start":{"line":11,"column":10},"end":{"line":11,"column":27}},"4":{"start":{"line":20,"column":10},"end":{"line":20,"column":34}},"5":{"start":{"line":28,"column":17},"end":{"line":67,"column":2}}},"fnMap":{"0":{"name":"addTypeItem","decl":{"start":{"line":5,"column":24},"end":{"line":5,"column":35}},"loc":{"start":{"line":5,"column":43},"end":{"line":26,"column":1}},"line":5},"1":{"name":"(anonymous_1)","decl":{"start":{"line":10,"column":22},"end":{"line":10,"column":23}},"loc":{"start":{"line":10,"column":35},"end":{"line":12,"column":9}},"line":10},"2":{"name":"(anonymous_2)","decl":{"start":{"line":19,"column":17},"end":{"line":19,"column":18}},"loc":{"start":{"line":19,"column":23},"end":{"line":21,"column":9}},"line":19}},"branchMap":{},"s":{"0":2,"1":0,"2":0,"3":0,"4":0,"5":2},"f":{"0":0,"1":0,"2":0},"b":{},"_coverageSchema":"1a1c01bbd47fc00a2c39e90264f33305004495a9","hash":"dc439e41e8ac16ccb76ec1df10b022c17dc4d12d"}
,"C:\\Uni\\Contemp Software Dev\\EpilepsyApp\\src\\main\\components\\AddWarningItem.js": {"path":"C:\\Uni\\Contemp Software Dev\\EpilepsyApp\\src\\main\\components\\AddWarningItem.js","statementMap":{"0":{"start":{"line":3,"column":15},"end":{"line":3,"column":53}},"1":{"start":{"line":6,"column":26},"end":{"line":6,"column":38}},"2":{"start":{"line":7,"column":2},"end":{"line":25,"column":4}},"3":{"start":{"line":11,"column":10},"end":{"line":11,"column":27}},"4":{"start":{"line":20,"column":10},"end":{"line":20,"column":37}},"5":{"start":{"line":28,"column":17},"end":{"line":67,"column":2}}},"fnMap":{"0":{"name":"addWarningItem","decl":{"start":{"line":5,"column":24},"end":{"line":5,"column":38}},"loc":{"start":{"line":5,"column":46},"end":{"line":26,"column":1}},"line":5},"1":{"name":"(anonymous_1)","decl":{"start":{"line":10,"column":22},"end":{"line":10,"column":23}},"loc":{"start":{"line":10,"column":35},"end":{"line":12,"column":9}},"line":10},"2":{"name":"(anonymous_2)","decl":{"start":{"line":19,"column":17},"end":{"line":19,"column":18}},"loc":{"start":{"line":19,"column":23},"end":{"line":21,"column":9}},"line":19}},"branchMap":{},"s":{"0":2,"1":0,"2":0,"3":0,"4":0,"5":2},"f":{"0":0,"1":0,"2":0},"b":{},"_coverageSchema":"1a1c01bbd47fc00a2c39e90264f33305004495a9","hash":"887cb89d8f67d49e43fe1b86b2858ac88274ae28"}
,"C:\\Uni\\Contemp Software Dev\\EpilepsyApp\\src\\main\\components\\Address.js": {"path":"C:\\Uni\\Contemp Software Dev\\EpilepsyApp\\src\\main\\components\\Address.js","statementMap":{"0":{"start":{"line":3,"column":4},"end":{"line":3,"column":27}},"1":{"start":{"line":4,"column":4},"end":{"line":4,"column":21}},"2":{"start":{"line":5,"column":4},"end":{"line":5,"column":29}},"3":{"start":{"line":13,"column":4},"end":{"line":13,"column":24}},"4":{"start":{"line":17,"column":4},"end":{"line":17,"column":21}},"5":{"start":{"line":21,"column":4},"end":{"line":21,"column":25}},"6":{"start":{"line":25,"column":4},"end":{"line":25,"column":66}},"7":{"start":{"line":33,"column":4},"end":{"line":33,"column":27}},"8":{"start":{"line":37,"column":4},"end":{"line":37,"column":21}},"9":{"start":{"line":41,"column":4},"end":{"line":41,"column":29}}},"fnMap":{"0":{"name":"(anonymous_0)","decl":{"start":{"line":2,"column":2},"end":{"line":2,"column":3}},"loc":{"start":{"line":2,"column":39},"end":{"line":6,"column":3}},"line":2},"1":{"name":"(anonymous_1)","decl":{"start":{"line":12,"column":2},"end":{"line":12,"column":3}},"loc":{"start":{"line":12,"column":19},"end":{"line":14,"column":3}},"line":12},"2":{"name":"(anonymous_2)","decl":{"start":{"line":16,"column":2},"end":{"line":16,"column":3}},"loc":{"start":{"line":16,"column":12},"end":{"line":18,"column":3}},"line":16},"3":{"name":"(anonymous_3)","decl":{"start":{"line":20,"column":2},"end":{"line":20,"column":3}},"loc":{"start":{"line":20,"column":16},"end":{"line":22,"column":3}},"line":20},"4":{"name":"(anonymous_4)","decl":{"start":{"line":24,"column":2},"end":{"line":24,"column":3}},"loc":{"start":{"line":24,"column":19},"end":{"line":26,"column":3}},"line":24},"5":{"name":"(anonymous_5)","decl":{"start":{"line":32,"column":2},"end":{"line":32,"column":3}},"loc":{"start":{"line":32,"column":22},"end":{"line":34,"column":3}},"line":32},"6":{"name":"(anonymous_6)","decl":{"start":{"line":36,"column":2},"end":{"line":36,"column":3}},"loc":{"start":{"line":36,"column":16},"end":{"line":38,"column":3}},"line":36},"7":{"name":"(anonymous_7)","decl":{"start":{"line":40,"column":2},"end":{"line":40,"column":3}},"loc":{"start":{"line":40,"column":24},"end":{"line":42,"column":3}},"line":40}},"branchMap":{},"s":{"0":3,"1":3,"2":3,"3":2,"4":2,"5":2,"6":0,"7":0,"8":0,"9":0},"f":{"0":3,"1":2,"2":2,"3":2,"4":0,"5":0,"6":0,"7":0},"b":{},"_coverageSchema":"1a1c01bbd47fc00a2c39e90264f33305004495a9","hash":"a13cefcc16419c9c548e76a7ee8bafb339bfcb48"}
,"C:\\Uni\\Contemp Software Dev\\EpilepsyApp\\src\\main\\components\\Admin.js": {"path":"C:\\Uni\\Contemp Software Dev\\EpilepsyApp\\src\\main\\components\\Admin.js","statementMap":{"0":{"start":{"line":18,"column":4},"end":{"line":18,"column":29}},"1":{"start":{"line":19,"column":4},"end":{"line":19,"column":27}},"2":{"start":{"line":20,"column":4},"end":{"line":20,"column":31}},"3":{"start":{"line":21,"column":4},"end":{"line":21,"column":27}},"4":{"start":{"line":22,"column":4},"end":{"line":22,"column":19}},"5":{"start":{"line":23,"column":4},"end":{"line":23,"column":23}},"6":{"start":{"line":24,"column":4},"end":{"line":24,"column":29}},"7":{"start":{"line":25,"column":4},"end":{"line":25,"column":25}},"8":{"start":{"line":26,"column":4},"end":{"line":26,"column":29}},"9":{"start":{"line":27,"column":4},"end":{"line":27,"column":56}},"10":{"start":{"line":35,"column":4},"end":{"line":35,"column":47}},"11":{"start":{"line":39,"column":4},"end":{"line":39,"column":26}},"12":{"start":{"line":43,"column":4},"end":{"line":43,"column":24}},"13":{"start":{"line":47,"column":4},"end":{"line":47,"column":20}},"14":{"start":{"line":51,"column":4},"end":{"line":51,"column":22}},"15":{"start":{"line":55,"column":4},"end":{"line":55,"column":25}},"16":{"start":{"line":59,"column":4},"end":{"line":59,"column":24}},"17":{"start":{"line":63,"column":4},"end":{"line":63,"column":25}},"18":{"start":{"line":67,"column":4},"end":{"line":67,"column":23}},"19":{"start":{"line":71,"column":4},"end":{"line":71,"column":25}},"20":{"start":{"line":75,"column":4},"end":{"line":75,"column":24}},"21":{"start":{"line":83,"column":4},"end":{"line":83,"column":26}},"22":{"start":{"line":87,"column":4},"end":{"line":87,"column":24}},"23":{"start":{"line":91,"column":4},"end":{"line":91,"column":19}},"24":{"start":{"line":95,"column":4},"end":{"line":95,"column":23}},"25":{"start":{"line":99,"column":4},"end":{"line":99,"column":25}},"26":{"start":{"line":103,"column":4},"end":{"line":103,"column":29}},"27":{"start":{"line":107,"column":4},"end":{"line":107,"column":25}},"28":{"start":{"line":111,"column":4},"end":{"line":111,"column":65}},"29":{"start":{"line":112,"column":4},"end":{"line":112,"column":29}}},"fnMap":{"0":{"name":"(anonymous_0)","decl":{"start":{"line":4,"column":2},"end":{"line":4,"column":3}},"loc":{"start":{"line":17,"column":4},"end":{"line":28,"column":3}},"line":17},"1":{"name":"(anonymous_1)","decl":{"start":{"line":34,"column":2},"end":{"line":34,"column":3}},"loc":{"start":{"line":34,"column":12},"end":{"line":36,"column":3}},"line":34},"2":{"name":"(anonymous_2)","decl":{"start":{"line":38,"column":2},"end":{"line":38,"column":3}},"loc":{"start":{"line":38,"column":17},"end":{"line":40,"column":3}},"line":38},"3":{"name":"(anonymous_3)","decl":{"start":{"line":42,"column":2},"end":{"line":42,"column":3}},"loc":{"start":{"line":42,"column":15},"end":{"line":44,"column":3}},"line":42},"4":{"name":"(anonymous_4)","decl":{"start":{"line":46,"column":2},"end":{"line":46,"column":3}},"loc":{"start":{"line":46,"column":11},"end":{"line":48,"column":3}},"line":46},"5":{"name":"(anonymous_5)","decl":{"start":{"line":50,"column":2},"end":{"line":50,"column":3}},"loc":{"start":{"line":50,"column":13},"end":{"line":52,"column":3}},"line":50},"6":{"name":"(anonymous_6)","decl":{"start":{"line":54,"column":2},"end":{"line":54,"column":3}},"loc":{"start":{"line":54,"column":12},"end":{"line":56,"column":3}},"line":54},"7":{"name":"(anonymous_7)","decl":{"start":{"line":58,"column":2},"end":{"line":58,"column":3}},"loc":{"start":{"line":58,"column":10},"end":{"line":60,"column":3}},"line":58},"8":{"name":"(anonymous_8)","decl":{"start":{"line":62,"column":2},"end":{"line":62,"column":3}},"loc":{"start":{"line":62,"column":16},"end":{"line":64,"column":3}},"line":62},"9":{"name":"(anonymous_9)","decl":{"start":{"line":66,"column":2},"end":{"line":66,"column":3}},"loc":{"start":{"line":66,"column":14},"end":{"line":68,"column":3}},"line":66},"10":{"name":"(anonymous_10)","decl":{"start":{"line":70,"column":2},"end":{"line":70,"column":3}},"loc":{"start":{"line":70,"column":16},"end":{"line":72,"column":3}},"line":70},"11":{"name":"(anonymous_11)","decl":{"start":{"line":74,"column":2},"end":{"line":74,"column":3}},"loc":{"start":{"line":74,"column":15},"end":{"line":76,"column":3}},"line":74},"12":{"name":"(anonymous_12)","decl":{"start":{"line":82,"column":2},"end":{"line":82,"column":3}},"loc":{"start":{"line":82,"column":21},"end":{"line":84,"column":3}},"line":82},"13":{"name":"(anonymous_13)","decl":{"start":{"line":86,"column":2},"end":{"line":86,"column":3}},"loc":{"start":{"line":86,"column":19},"end":{"line":88,"column":3}},"line":86},"14":{"name":"(anonymous_14)","decl":{"start":{"line":90,"column":2},"end":{"line":90,"column":3}},"loc":{"start":{"line":90,"column":14},"end":{"line":92,"column":3}},"line":90},"15":{"name":"(anonymous_15)","decl":{"start":{"line":94,"column":2},"end":{"line":94,"column":3}},"loc":{"start":{"line":94,"column":18},"end":{"line":96,"column":3}},"line":94},"16":{"name":"(anonymous_16)","decl":{"start":{"line":98,"column":2},"end":{"line":98,"column":3}},"loc":{"start":{"line":98,"column":16},"end":{"line":100,"column":3}},"line":98},"17":{"name":"(anonymous_17)","decl":{"start":{"line":102,"column":2},"end":{"line":102,"column":3}},"loc":{"start":{"line":102,"column":24},"end":{"line":104,"column":3}},"line":102},"18":{"name":"(anonymous_18)","decl":{"start":{"line":106,"column":2},"end":{"line":106,"column":3}},"loc":{"start":{"line":106,"column":20},"end":{"line":108,"column":3}},"line":106},"19":{"name":"(anonymous_19)","decl":{"start":{"line":110,"column":2},"end":{"line":110,"column":3}},"loc":{"start":{"line":110,"column":24},"end":{"line":113,"column":3}},"line":110}},"branchMap":{},"s":{"0":0,"1":0,"2":0,"3":0,"4":0,"5":0,"6":0,"7":0,"8":0,"9":0,"10":0,"11":0,"12":0,"13":0,"14":0,"15":0,"16":0,"17":0,"18":0,"19":0,"20":0,"21":0,"22":0,"23":0,"24":0,"25":0,"26":0,"27":0,"28":0,"29":0},"f":{"0":0,"1":0,"2":0,"3":0,"4":0,"5":0,"6":0,"7":0,"8":0,"9":0,"10":0,"11":0,"12":0,"13":0,"14":0,"15":0,"16":0,"17":0,"18":0,"19":0},"b":{},"_coverageSchema":"1a1c01bbd47fc00a2c39e90264f33305004495a9","hash":"98ec87583b86d78ceef29a8933a561d7bb0febb1"}
,"C:\\Uni\\Contemp Software Dev\\EpilepsyApp\\src\\main\\components\\ListMHItems.js": {"path":"C:\\Uni\\Contemp Software Dev\\EpilepsyApp\\src\\main\\components\\ListMHItems.js","statementMap":{"0":{"start":{"line":3,"column":15},"end":{"line":3,"column":53}},"1":{"start":{"line":6,"column":2},"end":{"line":37,"column":4}},"2":{"start":{"line":11,"column":10},"end":{"line":33,"column":17}},"3":{"start":{"line":29,"column":18},"end":{"line":29,"column":46}},"4":{"start":{"line":40,"column":17},"end":{"line":52,"column":2}}},"fnMap":{"0":{"name":"ListMHItems","decl":{"start":{"line":5,"column":24},"end":{"line":5,"column":35}},"loc":{"start":{"line":5,"column":43},"end":{"line":38,"column":1}},"line":5},"1":{"name":"(anonymous_1)","decl":{"start":{"line":10,"column":20},"end":{"line":10,"column":21}},"loc":{"start":{"line":11,"column":10},"end":{"line":33,"column":17}},"line":11},"2":{"name":"(anonymous_2)","decl":{"start":{"line":28,"column":25},"end":{"line":28,"column":26}},"loc":{"start":{"line":28,"column":31},"end":{"line":30,"column":17}},"line":28}},"branchMap":{},"s":{"0":2,"1":0,"2":0,"3":0,"4":2},"f":{"0":0,"1":0,"2":0},"b":{},"_coverageSchema":"1a1c01bbd47fc00a2c39e90264f33305004495a9","hash":"2bda0ad06fa5391df0943d3b63ca47e3380e374d"}
,"C:\\Uni\\Contemp Software Dev\\EpilepsyApp\\src\\main\\components\\ListTriggersItems.js": {"path":"C:\\Uni\\Contemp Software Dev\\EpilepsyApp\\src\\main\\components\\ListTriggersItems.js","statementMap":{"0":{"start":{"line":3,"column":15},"end":{"line":3,"column":53}},"1":{"start":{"line":6,"column":2},"end":{"line":37,"column":4}},"2":{"start":{"line":11,"column":10},"end":{"line":33,"column":17}},"3":{"start":{"line":29,"column":18},"end":{"line":29,"column":52}},"4":{"start":{"line":40,"column":17},"end":{"line":52,"column":2}}},"fnMap":{"0":{"name":"ListTriggersItems","decl":{"start":{"line":5,"column":24},"end":{"line":5,"column":41}},"loc":{"start":{"line":5,"column":49},"end":{"line":38,"column":1}},"line":5},"1":{"name":"(anonymous_1)","decl":{"start":{"line":10,"column":20},"end":{"line":10,"column":21}},"loc":{"start":{"line":11,"column":10},"end":{"line":33,"column":17}},"line":11},"2":{"name":"(anonymous_2)","decl":{"start":{"line":28,"column":25},"end":{"line":28,"column":26}},"loc":{"start":{"line":28,"column":31},"end":{"line":30,"column":17}},"line":28}},"branchMap":{},"s":{"0":2,"1":0,"2":0,"3":0,"4":2},"f":{"0":0,"1":0,"2":0},"b":{},"_coverageSchema":"1a1c01bbd47fc00a2c39e90264f33305004495a9","hash":"5e3f803863daab7dce45fa07ef89336f1b19b3e4"}
,"C:\\Uni\\Contemp Software Dev\\EpilepsyApp\\src\\main\\components\\ListTypeItems.js": {"path":"C:\\Uni\\Contemp Software Dev\\EpilepsyApp\\src\\main\\components\\ListTypeItems.js","statementMap":{"0":{"start":{"line":3,"column":15},"end":{"line":3,"column":53}},"1":{"start":{"line":6,"column":2},"end":{"line":37,"column":4}},"2":{"start":{"line":11,"column":10},"end":{"line":33,"column":17}},"3":{"start":{"line":29,"column":18},"end":{"line":29,"column":48}},"4":{"start":{"line":40,"column":17},"end":{"line":52,"column":2}}},"fnMap":{"0":{"name":"ListTypeItems","decl":{"start":{"line":5,"column":24},"end":{"line":5,"column":37}},"loc":{"start":{"line":5,"column":45},"end":{"line":38,"column":1}},"line":5},"1":{"name":"(anonymous_1)","decl":{"start":{"line":10,"column":20},"end":{"line":10,"column":21}},"loc":{"start":{"line":11,"column":10},"end":{"line":33,"column":17}},"line":11},"2":{"name":"(anonymous_2)","decl":{"start":{"line":28,"column":25},"end":{"line":28,"column":26}},"loc":{"start":{"line":28,"column":31},"end":{"line":30,"column":17}},"line":28}},"branchMap":{},"s":{"0":2,"1":0,"2":0,"3":0,"4":2},"f":{"0":0,"1":0,"2":0},"b":{},"_coverageSchema":"1a1c01bbd47fc00a2c39e90264f33305004495a9","hash":"8211cde5ae019fca77e4f3e4635be6f911e2dba9"}
,"C:\\Uni\\Contemp Software Dev\\EpilepsyApp\\src\\main\\components\\ListWarningItems.js": {"path":"C:\\Uni\\Contemp Software Dev\\EpilepsyApp\\src\\main\\components\\ListWarningItems.js","statementMap":{"0":{"start":{"line":3,"column":15},"end":{"line":3,"column":53}},"1":{"start":{"line":6,"column":2},"end":{"line":37,"column":4}},"2":{"start":{"line":11,"column":10},"end":{"line":33,"column":17}},"3":{"start":{"line":29,"column":18},"end":{"line":29,"column":51}},"4":{"start":{"line":40,"column":17},"end":{"line":52,"column":2}}},"fnMap":{"0":{"name":"ListWarningItems","decl":{"start":{"line":5,"column":24},"end":{"line":5,"column":40}},"loc":{"start":{"line":5,"column":48},"end":{"line":38,"column":1}},"line":5},"1":{"name":"(anonymous_1)","decl":{"start":{"line":10,"column":20},"end":{"line":10,"column":21}},"loc":{"start":{"line":11,"column":10},"end":{"line":33,"column":17}},"line":11},"2":{"name":"(anonymous_2)","decl":{"start":{"line":28,"column":25},"end":{"line":28,"column":26}},"loc":{"start":{"line":28,"column":31},"end":{"line":30,"column":17}},"line":28}},"branchMap":{},"s":{"0":2,"1":0,"2":0,"3":0,"4":2},"f":{"0":0,"1":0,"2":0},"b":{},"_coverageSchema":"1a1c01bbd47fc00a2c39e90264f33305004495a9","hash":"20acd4bfc9af83462badebaa492f45bd0bf6dc26"}
,"C:\\Uni\\Contemp Software Dev\\EpilepsyApp\\src\\main\\components\\Movie.js": {"path":"C:\\Uni\\Contemp Software Dev\\EpilepsyApp\\src\\main\\components\\Movie.js","statementMap":{"0":{"start":{"line":3,"column":4},"end":{"line":3,"column":17}},"1":{"start":{"line":4,"column":4},"end":{"line":4,"column":23}},"2":{"start":{"line":5,"column":4},"end":{"line":5,"column":29}},"3":{"start":{"line":6,"column":4},"end":{"line":6,"column":25}},"4":{"start":{"line":13,"column":4},"end":{"line":13,"column":22}},"5":{"start":{"line":17,"column":4},"end":{"line":17,"column":36}},"6":{"start":{"line":21,"column":4},"end":{"line":21,"column":23}},"7":{"start":{"line":25,"column":4},"end":{"line":25,"column":19}},"8":{"start":{"line":33,"column":4},"end":{"line":33,"column":23}},"9":{"start":{"line":37,"column":4},"end":{"line":37,"column":29}},"10":{"start":{"line":41,"column":4},"end":{"line":41,"column":17}},"11":{"start":{"line":45,"column":4},"end":{"line":45,"column":25}}},"fnMap":{"0":{"name":"(anonymous_0)","decl":{"start":{"line":2,"column":2},"end":{"line":2,"column":3}},"loc":{"start":{"line":2,"column":43},"end":{"line":7,"column":3}},"line":2},"1":{"name":"(anonymous_1)","decl":{"start":{"line":12,"column":2},"end":{"line":12,"column":3}},"loc":{"start":{"line":12,"column":13},"end":{"line":14,"column":3}},"line":12},"2":{"name":"(anonymous_2)","decl":{"start":{"line":16,"column":2},"end":{"line":16,"column":3}},"loc":{"start":{"line":16,"column":16},"end":{"line":18,"column":3}},"line":16},"3":{"name":"(anonymous_3)","decl":{"start":{"line":20,"column":2},"end":{"line":20,"column":3}},"loc":{"start":{"line":20,"column":14},"end":{"line":22,"column":3}},"line":20},"4":{"name":"(anonymous_4)","decl":{"start":{"line":24,"column":2},"end":{"line":24,"column":3}},"loc":{"start":{"line":24,"column":10},"end":{"line":26,"column":3}},"line":24},"5":{"name":"(anonymous_5)","decl":{"start":{"line":32,"column":2},"end":{"line":32,"column":3}},"loc":{"start":{"line":32,"column":18},"end":{"line":34,"column":3}},"line":32},"6":{"name":"(anonymous_6)","decl":{"start":{"line":36,"column":2},"end":{"line":36,"column":3}},"loc":{"start":{"line":36,"column":24},"end":{"line":38,"column":3}},"line":36},"7":{"name":"(anonymous_7)","decl":{"start":{"line":40,"column":2},"end":{"line":40,"column":3}},"loc":{"start":{"line":40,"column":12},"end":{"line":42,"column":3}},"line":40},"8":{"name":"(anonymous_8)","decl":{"start":{"line":44,"column":2},"end":{"line":44,"column":3}},"loc":{"start":{"line":44,"column":20},"end":{"line":46,"column":3}},"line":44}},"branchMap":{},"s":{"0":0,"1":0,"2":0,"3":0,"4":0,"5":0,"6":0,"7":0,"8":0,"9":0,"10":0,"11":0},"f":{"0":0,"1":0,"2":0,"3":0,"4":0,"5":0,"6":0,"7":0,"8":0},"b":{},"_coverageSchema":"1a1c01bbd47fc00a2c39e90264f33305004495a9","hash":"479c9d558fadd27a68b0b9e474f7580c3036f85c"}
,"C:\\Uni\\Contemp Software Dev\\EpilepsyApp\\src\\main\\components\\Movies.js": {"path":"C:\\Uni\\Contemp Software Dev\\EpilepsyApp\\src\\main\\components\\Movies.js","statementMap":{"0":{"start":{"line":3,"column":4},"end":{"line":3,"column":21}},"1":{"start":{"line":10,"column":4},"end":{"line":10,"column":34}},"2":{"start":{"line":18,"column":4},"end":{"line":18,"column":25}}},"fnMap":{"0":{"name":"(anonymous_0)","decl":{"start":{"line":2,"column":2},"end":{"line":2,"column":3}},"loc":{"start":{"line":2,"column":16},"end":{"line":4,"column":3}},"line":2},"1":{"name":"(anonymous_1)","decl":{"start":{"line":9,"column":2},"end":{"line":9,"column":3}},"loc":{"start":{"line":9,"column":14},"end":{"line":11,"column":3}},"line":9},"2":{"name":"(anonymous_2)","decl":{"start":{"line":17,"column":2},"end":{"line":17,"column":3}},"loc":{"start":{"line":17,"column":20},"end":{"line":19,"column":3}},"line":17}},"branchMap":{},"s":{"0":0,"1":0,"2":0},"f":{"0":0,"1":0,"2":0},"b":{},"_coverageSchema":"1a1c01bbd47fc00a2c39e90264f33305004495a9","hash":"d1c4eccdd2b9435fbfc6159d6167ed51f4631979"}
,"C:\\Uni\\Contemp Software Dev\\EpilepsyApp\\src\\main\\components\\NavBar.js": {"path":"C:\\Uni\\Contemp Software Dev\\EpilepsyApp\\src\\main\\components\\NavBar.js","statementMap":{"0":{"start":{"line":11,"column":17},"end":{"line":11,"column":57}},"1":{"start":{"line":15,"column":2},"end":{"line":43,"column":4}},"2":{"start":{"line":22,"column":12},"end":{"line":22,"column":96}},"3":{"start":{"line":31,"column":12},"end":{"line":31,"column":101}},"4":{"start":{"line":39,"column":25},"end":{"line":39,"column":53}}},"fnMap":{"0":{"name":"displayNav","decl":{"start":{"line":13,"column":24},"end":{"line":13,"column":34}},"loc":{"start":{"line":13,"column":76},"end":{"line":44,"column":1}},"line":13},"1":{"name":"(anonymous_1)","decl":{"start":{"line":21,"column":19},"end":{"line":21,"column":20}},"loc":{"start":{"line":22,"column":12},"end":{"line":22,"column":96}},"line":22},"2":{"name":"(anonymous_2)","decl":{"start":{"line":30,"column":19},"end":{"line":30,"column":20}},"loc":{"start":{"line":31,"column":12},"end":{"line":31,"column":101}},"line":31},"3":{"name":"(anonymous_3)","decl":{"start":{"line":39,"column":19},"end":{"line":39,"column":20}},"loc":{"start":{"line":39,"column":25},"end":{"line":39,"column":53}},"line":39}},"branchMap":{},"s":{"0":3,"1":1,"2":0,"3":0,"4":0},"f":{"0":1,"1":0,"2":0,"3":0},"b":{},"_coverageSchema":"1a1c01bbd47fc00a2c39e90264f33305004495a9","hash":"304b043086ab3923e309e3729702ae225d8fe69a"}
,"C:\\Uni\\Contemp Software Dev\\EpilepsyApp\\src\\main\\components\\Patient.js": {"path":"C:\\Uni\\Contemp Software Dev\\EpilepsyApp\\src\\main\\components\\Patient.js","statementMap":{"0":{"start":{"line":24,"column":4},"end":{"line":24,"column":29}},"1":{"start":{"line":25,"column":4},"end":{"line":25,"column":27}},"2":{"start":{"line":26,"column":4},"end":{"line":26,"column":31}},"3":{"start":{"line":27,"column":4},"end":{"line":27,"column":27}},"4":{"start":{"line":28,"column":4},"end":{"line":28,"column":19}},"5":{"start":{"line":29,"column":4},"end":{"line":29,"column":23}},"6":{"start":{"line":30,"column":4},"end":{"line":30,"column":29}},"7":{"start":{"line":31,"column":4},"end":{"line":31,"column":25}},"8":{"start":{"line":32,"column":4},"end":{"line":32,"column":56}},"9":{"start":{"line":33,"column":4},"end":{"line":33,"column":41}},"10":{"start":{"line":34,"column":4},"end":{"line":40,"column":6}},"11":{"start":{"line":47,"column":4},"end":{"line":47,"column":47}},"12":{"start":{"line":51,"column":4},"end":{"line":51,"column":26}},"13":{"start":{"line":55,"column":4},"end":{"line":55,"column":24}},"14":{"start":{"line":59,"column":4},"end":{"line":59,"column":20}},"15":{"start":{"line":63,"column":4},"end":{"line":63,"column":22}},"16":{"start":{"line":67,"column":4},"end":{"line":67,"column":25}},"17":{"start":{"line":71,"column":4},"end":{"line":71,"column":24}},"18":{"start":{"line":75,"column":4},"end":{"line":75,"column":25}},"19":{"start":{"line":79,"column":4},"end":{"line":79,"column":23}},"20":{"start":{"line":83,"column":4},"end":{"line":83,"column":24}},"21":{"start":{"line":87,"column":4},"end":{"line":87,"column":31}},"22":{"start":{"line":91,"column":4},"end":{"line":91,"column":31}},"23":{"start":{"line":100,"column":4},"end":{"line":100,"column":26}},"24":{"start":{"line":104,"column":4},"end":{"line":104,"column":24}},"25":{"start":{"line":108,"column":4},"end":{"line":108,"column":19}},"26":{"start":{"line":112,"column":4},"end":{"line":112,"column":23}},"27":{"start":{"line":116,"column":4},"end":{"line":116,"column":25}},"28":{"start":{"line":120,"column":4},"end":{"line":120,"column":29}},"29":{"start":{"line":124,"column":4},"end":{"line":124,"column":25}},"30":{"start":{"line":128,"column":4},"end":{"line":128,"column":29}}},"fnMap":{"0":{"name":"(anonymous_0)","decl":{"start":{"line":5,"column":2},"end":{"line":5,"column":3}},"loc":{"start":{"line":23,"column":4},"end":{"line":41,"column":3}},"line":23},"1":{"name":"(anonymous_1)","decl":{"start":{"line":46,"column":2},"end":{"line":46,"column":3}},"loc":{"start":{"line":46,"column":12},"end":{"line":48,"column":3}},"line":46},"2":{"name":"(anonymous_2)","decl":{"start":{"line":50,"column":2},"end":{"line":50,"column":3}},"loc":{"start":{"line":50,"column":17},"end":{"line":52,"column":3}},"line":50},"3":{"name":"(anonymous_3)","decl":{"start":{"line":54,"column":2},"end":{"line":54,"column":3}},"loc":{"start":{"line":54,"column":15},"end":{"line":56,"column":3}},"line":54},"4":{"name":"(anonymous_4)","decl":{"start":{"line":58,"column":2},"end":{"line":58,"column":3}},"loc":{"start":{"line":58,"column":11},"end":{"line":60,"column":3}},"line":58},"5":{"name":"(anonymous_5)","decl":{"start":{"line":62,"column":2},"end":{"line":62,"column":3}},"loc":{"start":{"line":62,"column":13},"end":{"line":64,"column":3}},"line":62},"6":{"name":"(anonymous_6)","decl":{"start":{"line":66,"column":2},"end":{"line":66,"column":3}},"loc":{"start":{"line":66,"column":12},"end":{"line":68,"column":3}},"line":66},"7":{"name":"(anonymous_7)","decl":{"start":{"line":70,"column":2},"end":{"line":70,"column":3}},"loc":{"start":{"line":70,"column":10},"end":{"line":72,"column":3}},"line":70},"8":{"name":"(anonymous_8)","decl":{"start":{"line":74,"column":2},"end":{"line":74,"column":3}},"loc":{"start":{"line":74,"column":16},"end":{"line":76,"column":3}},"line":74},"9":{"name":"(anonymous_9)","decl":{"start":{"line":78,"column":2},"end":{"line":78,"column":3}},"loc":{"start":{"line":78,"column":14},"end":{"line":80,"column":3}},"line":78},"10":{"name":"(anonymous_10)","decl":{"start":{"line":82,"column":2},"end":{"line":82,"column":3}},"loc":{"start":{"line":82,"column":15},"end":{"line":84,"column":3}},"line":82},"11":{"name":"(anonymous_11)","decl":{"start":{"line":86,"column":2},"end":{"line":86,"column":3}},"loc":{"start":{"line":86,"column":22},"end":{"line":88,"column":3}},"line":86},"12":{"name":"(anonymous_12)","decl":{"start":{"line":90,"column":2},"end":{"line":90,"column":3}},"loc":{"start":{"line":90,"column":22},"end":{"line":92,"column":3}},"line":90},"13":{"name":"(anonymous_13)","decl":{"start":{"line":99,"column":2},"end":{"line":99,"column":3}},"loc":{"start":{"line":99,"column":21},"end":{"line":101,"column":3}},"line":99},"14":{"name":"(anonymous_14)","decl":{"start":{"line":103,"column":2},"end":{"line":103,"column":3}},"loc":{"start":{"line":103,"column":19},"end":{"line":105,"column":3}},"line":103},"15":{"name":"(anonymous_15)","decl":{"start":{"line":107,"column":2},"end":{"line":107,"column":3}},"loc":{"start":{"line":107,"column":14},"end":{"line":109,"column":3}},"line":107},"16":{"name":"(anonymous_16)","decl":{"start":{"line":111,"column":2},"end":{"line":111,"column":3}},"loc":{"start":{"line":111,"column":18},"end":{"line":113,"column":3}},"line":111},"17":{"name":"(anonymous_17)","decl":{"start":{"line":115,"column":2},"end":{"line":115,"column":3}},"loc":{"start":{"line":115,"column":16},"end":{"line":117,"column":3}},"line":115},"18":{"name":"(anonymous_18)","decl":{"start":{"line":119,"column":2},"end":{"line":119,"column":3}},"loc":{"start":{"line":119,"column":24},"end":{"line":121,"column":3}},"line":119},"19":{"name":"(anonymous_19)","decl":{"start":{"line":123,"column":2},"end":{"line":123,"column":3}},"loc":{"start":{"line":123,"column":20},"end":{"line":125,"column":3}},"line":123},"20":{"name":"(anonymous_20)","decl":{"start":{"line":127,"column":2},"end":{"line":127,"column":3}},"loc":{"start":{"line":127,"column":24},"end":{"line":129,"column":3}},"line":127}},"branchMap":{},"s":{"0":3,"1":3,"2":3,"3":3,"4":3,"5":3,"6":3,"7":3,"8":3,"9":3,"10":3,"11":0,"12":3,"13":2,"14":2,"15":2,"16":2,"17":0,"18":0,"19":2,"20":6,"21":10,"22":0,"23":0,"24":0,"25":0,"26":0,"27":0,"28":0,"29":0,"30":0},"f":{"0":3,"1":0,"2":3,"3":2,"4":2,"5":2,"6":2,"7":0,"8":0,"9":2,"10":6,"11":10,"12":0,"13":0,"14":0,"15":0,"16":0,"17":0,"18":0,"19":0,"20":0},"b":{},"_coverageSchema":"1a1c01bbd47fc00a2c39e90264f33305004495a9","hash":"b22aa621ff5ca06f2711990c2abc98f5e96bc7a3"}
,"C:\\Uni\\Contemp Software Dev\\EpilepsyApp\\src\\main\\components\\Patients.js": {"path":"C:\\Uni\\Contemp Software Dev\\EpilepsyApp\\src\\main\\components\\Patients.js","statementMap":{"0":{"start":{"line":3,"column":6},"end":{"line":3,"column":25}},"1":{"start":{"line":10,"column":6},"end":{"line":10,"column":27}},"2":{"start":{"line":18,"column":6},"end":{"line":18,"column":31}}},"fnMap":{"0":{"name":"(anonymous_0)","decl":{"start":{"line":2,"column":4},"end":{"line":2,"column":5}},"loc":{"start":{"line":2,"column":18},"end":{"line":4,"column":5}},"line":2},"1":{"name":"(anonymous_1)","decl":{"start":{"line":9,"column":4},"end":{"line":9,"column":5}},"loc":{"start":{"line":9,"column":18},"end":{"line":11,"column":5}},"line":9},"2":{"name":"(anonymous_2)","decl":{"start":{"line":17,"column":4},"end":{"line":17,"column":5}},"loc":{"start":{"line":17,"column":26},"end":{"line":19,"column":5}},"line":17}},"branchMap":{},"s":{"0":0,"1":0,"2":0},"f":{"0":0,"1":0,"2":0},"b":{},"_coverageSchema":"1a1c01bbd47fc00a2c39e90264f33305004495a9","hash":"60a14175d62415910ab4fd86cbcaf5981aa5be76"}
,"C:\\Uni\\Contemp Software Dev\\EpilepsyApp\\src\\main\\components\\Warning.js": {"path":"C:\\Uni\\Contemp Software Dev\\EpilepsyApp\\src\\main\\components\\Warning.js","statementMap":{"0":{"start":{"line":6,"column":6},"end":{"line":6,"column":35}},"1":{"start":{"line":7,"column":6},"end":{"line":7,"column":31}},"2":{"start":{"line":14,"column":6},"end":{"line":14,"column":29}},"3":{"start":{"line":18,"column":6},"end":{"line":18,"column":27}},"4":{"start":{"line":26,"column":6},"end":{"line":26,"column":37}},"5":{"start":{"line":30,"column":6},"end":{"line":30,"column":33}}},"fnMap":{"0":{"name":"(anonymous_0)","decl":{"start":{"line":2,"column":4},"end":{"line":2,"column":5}},"loc":{"start":{"line":5,"column":6},"end":{"line":8,"column":5}},"line":5},"1":{"name":"(anonymous_1)","decl":{"start":{"line":13,"column":4},"end":{"line":13,"column":5}},"loc":{"start":{"line":13,"column":22},"end":{"line":15,"column":5}},"line":13},"2":{"name":"(anonymous_2)","decl":{"start":{"line":17,"column":4},"end":{"line":17,"column":5}},"loc":{"start":{"line":17,"column":20},"end":{"line":19,"column":5}},"line":17},"3":{"name":"(anonymous_3)","decl":{"start":{"line":25,"column":4},"end":{"line":25,"column":5}},"loc":{"start":{"line":25,"column":34},"end":{"line":27,"column":5}},"line":25},"4":{"name":"(anonymous_4)","decl":{"start":{"line":29,"column":4},"end":{"line":29,"column":5}},"loc":{"start":{"line":29,"column":30},"end":{"line":31,"column":5}},"line":29}},"branchMap":{},"s":{"0":0,"1":0,"2":0,"3":0,"4":0,"5":0},"f":{"0":0,"1":0,"2":0,"3":0,"4":0},"b":{},"_coverageSchema":"1a1c01bbd47fc00a2c39e90264f33305004495a9","hash":"a11705fe9d423c61dcb6ab2ea4a7d784b0e8becd"}
,"C:\\Uni\\Contemp Software Dev\\EpilepsyApp\\src\\main\\components\\Warnings.js": {"path":"C:\\Uni\\Contemp Software Dev\\EpilepsyApp\\src\\main\\components\\Warnings.js","statementMap":{"0":{"start":{"line":5,"column":6},"end":{"line":5,"column":39}},"1":{"start":{"line":12,"column":6},"end":{"line":12,"column":42}},"2":{"start":{"line":20,"column":6},"end":{"line":20,"column":39}}},"fnMap":{"0":{"name":"(anonymous_0)","decl":{"start":{"line":2,"column":4},"end":{"line":2,"column":5}},"loc":{"start":{"line":4,"column":6},"end":{"line":6,"column":5}},"line":4},"1":{"name":"(anonymous_1)","decl":{"start":{"line":11,"column":4},"end":{"line":11,"column":5}},"loc":{"start":{"line":11,"column":18},"end":{"line":13,"column":5}},"line":11},"2":{"name":"(anonymous_2)","decl":{"start":{"line":19,"column":4},"end":{"line":19,"column":5}},"loc":{"start":{"line":19,"column":30},"end":{"line":21,"column":5}},"line":19}},"branchMap":{},"s":{"0":0,"1":0,"2":0},"f":{"0":0,"1":0,"2":0},"b":{},"_coverageSchema":"1a1c01bbd47fc00a2c39e90264f33305004495a9","hash":"948c96f5e9294039ef0bf707b7824245aeebdb63"}
,"C:\\Uni\\Contemp Software Dev\\EpilepsyApp\\src\\main\\components\\seizureDetails.js": {"path":"C:\\Uni\\Contemp Software Dev\\EpilepsyApp\\src\\main\\components\\seizureDetails.js","statementMap":{"0":{"start":{"line":9,"column":4},"end":{"line":9,"column":35}},"1":{"start":{"line":10,"column":4},"end":{"line":10,"column":43}},"2":{"start":{"line":11,"column":4},"end":{"line":11,"column":37}},"3":{"start":{"line":12,"column":4},"end":{"line":12,"column":39}},"4":{"start":{"line":13,"column":4},"end":{"line":13,"column":29}},"5":{"start":{"line":17,"column":4},"end":{"line":17,"column":28}},"6":{"start":{"line":21,"column":4},"end":{"line":21,"column":32}},"7":{"start":{"line":25,"column":4},"end":{"line":25,"column":29}},"8":{"start":{"line":29,"column":4},"end":{"line":29,"column":30}},"9":{"start":{"line":33,"column":4},"end":{"line":33,"column":25}},"10":{"start":{"line":37,"column":4},"end":{"line":43,"column":6}},"11":{"start":{"line":51,"column":4},"end":{"line":51,"column":28}},"12":{"start":{"line":55,"column":4},"end":{"line":55,"column":36}},"13":{"start":{"line":59,"column":4},"end":{"line":59,"column":30}},"14":{"start":{"line":63,"column":4},"end":{"line":63,"column":31}},"15":{"start":{"line":67,"column":4},"end":{"line":67,"column":27}}},"fnMap":{"0":{"name":"(anonymous_0)","decl":{"start":{"line":2,"column":2},"end":{"line":2,"column":3}},"loc":{"start":{"line":8,"column":4},"end":{"line":14,"column":3}},"line":8},"1":{"name":"(anonymous_1)","decl":{"start":{"line":16,"column":2},"end":{"line":16,"column":3}},"loc":{"start":{"line":16,"column":19},"end":{"line":18,"column":3}},"line":16},"2":{"name":"(anonymous_2)","decl":{"start":{"line":20,"column":2},"end":{"line":20,"column":3}},"loc":{"start":{"line":20,"column":23},"end":{"line":22,"column":3}},"line":20},"3":{"name":"(anonymous_3)","decl":{"start":{"line":24,"column":2},"end":{"line":24,"column":3}},"loc":{"start":{"line":24,"column":20},"end":{"line":26,"column":3}},"line":24},"4":{"name":"(anonymous_4)","decl":{"start":{"line":28,"column":2},"end":{"line":28,"column":3}},"loc":{"start":{"line":28,"column":21},"end":{"line":30,"column":3}},"line":28},"5":{"name":"(anonymous_5)","decl":{"start":{"line":32,"column":2},"end":{"line":32,"column":3}},"loc":{"start":{"line":32,"column":16},"end":{"line":34,"column":3}},"line":32},"6":{"name":"(anonymous_6)","decl":{"start":{"line":36,"column":2},"end":{"line":36,"column":3}},"loc":{"start":{"line":36,"column":22},"end":{"line":44,"column":3}},"line":36},"7":{"name":"(anonymous_7)","decl":{"start":{"line":50,"column":2},"end":{"line":50,"column":3}},"loc":{"start":{"line":50,"column":23},"end":{"line":52,"column":3}},"line":50},"8":{"name":"(anonymous_8)","decl":{"start":{"line":54,"column":2},"end":{"line":54,"column":3}},"loc":{"start":{"line":54,"column":31},"end":{"line":56,"column":3}},"line":54},"9":{"name":"(anonymous_9)","decl":{"start":{"line":58,"column":2},"end":{"line":58,"column":3}},"loc":{"start":{"line":58,"column":25},"end":{"line":60,"column":3}},"line":58},"10":{"name":"(anonymous_10)","decl":{"start":{"line":62,"column":2},"end":{"line":62,"column":3}},"loc":{"start":{"line":62,"column":27},"end":{"line":64,"column":3}},"line":62},"11":{"name":"(anonymous_11)","decl":{"start":{"line":66,"column":2},"end":{"line":66,"column":3}},"loc":{"start":{"line":66,"column":22},"end":{"line":68,"column":3}},"line":66}},"branchMap":{},"s":{"0":3,"1":3,"2":3,"3":3,"4":3,"5":2,"6":2,"7":2,"8":2,"9":2,"10":0,"11":0,"12":0,"13":0,"14":0,"15":0},"f":{"0":3,"1":2,"2":2,"3":2,"4":2,"5":2,"6":0,"7":0,"8":0,"9":0,"10":0,"11":0},"b":{},"_coverageSchema":"1a1c01bbd47fc00a2c39e90264f33305004495a9","hash":"8dbe161263a3d41c0886877ea197c79e18018f3d"}
,"C:\\Uni\\Contemp Software Dev\\EpilepsyApp\\src\\main\\pages\\allMedia.js": {"path":"C:\\Uni\\Contemp Software Dev\\EpilepsyApp\\src\\main\\pages\\allMedia.js","statementMap":{"0":{"start":{"line":22,"column":15},"end":{"line":22,"column":46}},"1":{"start":{"line":23,"column":26},"end":{"line":23,"column":68}},"2":{"start":{"line":26,"column":41},"end":{"line":26,"column":53}},"3":{"start":{"line":27,"column":42},"end":{"line":27,"column":54}},"4":{"start":{"line":28,"column":44},"end":{"line":28,"column":56}},"5":{"start":{"line":29,"column":40},"end":{"line":29,"column":52}},"6":{"start":{"line":30,"column":36},"end":{"line":30,"column":48}},"7":{"start":{"line":31,"column":17},"end":{"line":31,"column":29}},"8":{"start":{"line":32,"column":15},"end":{"line":32,"column":26}},"9":{"start":{"line":33,"column":17},"end":{"line":33,"column":30}},"10":{"start":{"line":34,"column":24},"end":{"line":34,"column":39}},"11":{"start":{"line":36,"column":28},"end":{"line":36,"column":40}},"12":{"start":{"line":37,"column":40},"end":{"line":43,"column":3}},"13":{"start":{"line":51,"column":27},"end":{"line":57,"column":5}},"14":{"start":{"line":52,"column":29},"end":{"line":55,"column":7}},"15":{"start":{"line":56,"column":6},"end":{"line":56,"column":55}},"16":{"start":{"line":58,"column":30},"end":{"line":61,"column":5}},"17":{"start":{"line":59,"column":29},"end":{"line":59,"column":73}},"18":{"start":{"line":59,"column":58},"end":{"line":59,"column":72}},"19":{"start":{"line":60,"column":6},"end":{"line":60,"column":37}},"20":{"start":{"line":62,"column":42},"end":{"line":62,"column":54}},"21":{"start":{"line":64,"column":4},"end":{"line":97,"column":6}},"22":{"start":{"line":73,"column":36},"end":{"line":73,"column":54}},"23":{"start":{"line":81,"column":38},"end":{"line":81,"column":60}},"24":{"start":{"line":94,"column":25},"end":{"line":94,"column":74}},"25":{"start":{"line":107,"column":42},"end":{"line":107,"column":44}},"26":{"start":{"line":108,"column":18},"end":{"line":108,"column":45}},"27":{"start":{"line":109,"column":4},"end":{"line":128,"column":5}},"28":{"start":{"line":109,"column":17},"end":{"line":109,"column":18}},"29":{"start":{"line":110,"column":22},"end":{"line":110,"column":52}},"30":{"start":{"line":111,"column":6},"end":{"line":127,"column":9}},"31":{"start":{"line":118,"column":14},"end":{"line":123,"column":16}},"32":{"start":{"line":131,"column":19},"end":{"line":131,"column":30}},"33":{"start":{"line":132,"column":19},"end":{"line":132,"column":21}},"34":{"start":{"line":135,"column":4},"end":{"line":141,"column":5}},"35":{"start":{"line":135,"column":17},"end":{"line":135,"column":18}},"36":{"start":{"line":136,"column":26},"end":{"line":136,"column":48}},"37":{"start":{"line":137,"column":6},"end":{"line":137,"column":26}},"38":{"start":{"line":138,"column":25},"end":{"line":138,"column":49}},"39":{"start":{"line":139,"column":20},"end":{"line":139,"column":65}},"40":{"start":{"line":140,"column":6},"end":{"line":140,"column":29}},"41":{"start":{"line":144,"column":4},"end":{"line":144,"column":33}},"42":{"start":{"line":145,"column":4},"end":{"line":145,"column":36}},"43":{"start":{"line":146,"column":4},"end":{"line":146,"column":35}},"44":{"start":{"line":147,"column":4},"end":{"line":154,"column":6}},"45":{"start":{"line":155,"column":4},"end":{"line":181,"column":9}},"46":{"start":{"line":168,"column":8},"end":{"line":168,"column":48}},"47":{"start":{"line":169,"column":8},"end":{"line":169,"column":76}},"48":{"start":{"line":170,"column":8},"end":{"line":174,"column":11}},"49":{"start":{"line":177,"column":8},"end":{"line":177,"column":27}},"50":{"start":{"line":178,"column":8},"end":{"line":180,"column":10}},"51":{"start":{"line":185,"column":4},"end":{"line":185,"column":39}},"52":{"start":{"line":186,"column":14},"end":{"line":186,"column":63}},"53":{"start":{"line":187,"column":4},"end":{"line":187,"column":8}},"54":{"start":{"line":188,"column":4},"end":{"line":203,"column":9}},"55":{"start":{"line":190,"column":8},"end":{"line":190,"column":50}},"56":{"start":{"line":191,"column":8},"end":{"line":191,"column":79}},"57":{"start":{"line":192,"column":8},"end":{"line":196,"column":11}},"58":{"start":{"line":199,"column":8},"end":{"line":199,"column":27}},"59":{"start":{"line":200,"column":8},"end":{"line":202,"column":10}},"60":{"start":{"line":207,"column":4},"end":{"line":216,"column":6}},"61":{"start":{"line":221,"column":42},"end":{"line":221,"column":44}},"62":{"start":{"line":222,"column":18},"end":{"line":222,"column":45}},"63":{"start":{"line":224,"column":4},"end":{"line":259,"column":5}},"64":{"start":{"line":224,"column":17},"end":{"line":224,"column":18}},"65":{"start":{"line":225,"column":22},"end":{"line":225,"column":39}},"66":{"start":{"line":226,"column":22},"end":{"line":226,"column":33}},"67":{"start":{"line":227,"column":23},"end":{"line":227,"column":31}},"68":{"start":{"line":228,"column":6},"end":{"line":258,"column":9}},"69":{"start":{"line":235,"column":14},"end":{"line":240,"column":16}},"70":{"start":{"line":244,"column":54},"end":{"line":244,"column":74}},"71":{"start":{"line":249,"column":14},"end":{"line":254,"column":16}},"72":{"start":{"line":260,"column":4},"end":{"line":260,"column":41}},"73":{"start":{"line":264,"column":4},"end":{"line":290,"column":6}},"74":{"start":{"line":293,"column":2},"end":{"line":315,"column":4}}},"fnMap":{"0":{"name":"MediaDetails","decl":{"start":{"line":25,"column":24},"end":{"line":25,"column":36}},"loc":{"start":{"line":25,"column":60},"end":{"line":316,"column":1}},"line":25},"1":{"name":"displayAddMedia","decl":{"start":{"line":45,"column":11},"end":{"line":45,"column":26}},"loc":{"start":{"line":50,"column":4},"end":{"line":98,"column":3}},"line":50},"2":{"name":"(anonymous_2)","decl":{"start":{"line":51,"column":27},"end":{"line":51,"column":28}},"loc":{"start":{"line":51,"column":37},"end":{"line":57,"column":5}},"line":51},"3":{"name":"(anonymous_3)","decl":{"start":{"line":58,"column":30},"end":{"line":58,"column":31}},"loc":{"start":{"line":58,"column":38},"end":{"line":61,"column":5}},"line":58},"4":{"name":"(anonymous_4)","decl":{"start":{"line":59,"column":48},"end":{"line":59,"column":49}},"loc":{"start":{"line":59,"column":58},"end":{"line":59,"column":72}},"line":59},"5":{"name":"(anonymous_5)","decl":{"start":{"line":73,"column":26},"end":{"line":73,"column":27}},"loc":{"start":{"line":73,"column":36},"end":{"line":73,"column":54}},"line":73},"6":{"name":"(anonymous_6)","decl":{"start":{"line":81,"column":26},"end":{"line":81,"column":27}},"loc":{"start":{"line":81,"column":38},"end":{"line":81,"column":60}},"line":81},"7":{"name":"(anonymous_7)","decl":{"start":{"line":94,"column":19},"end":{"line":94,"column":20}},"loc":{"start":{"line":94,"column":25},"end":{"line":94,"column":74}},"line":94},"8":{"name":"formatMediaDetails","decl":{"start":{"line":100,"column":11},"end":{"line":100,"column":29}},"loc":{"start":{"line":106,"column":4},"end":{"line":129,"column":3}},"line":106},"9":{"name":"(anonymous_9)","decl":{"start":{"line":117,"column":21},"end":{"line":117,"column":22}},"loc":{"start":{"line":118,"column":14},"end":{"line":123,"column":16}},"line":118},"10":{"name":"AddMedia","decl":{"start":{"line":130,"column":11},"end":{"line":130,"column":19}},"loc":{"start":{"line":130,"column":57},"end":{"line":182,"column":3}},"line":130},"11":{"name":"(anonymous_11)","decl":{"start":{"line":167,"column":12},"end":{"line":167,"column":13}},"loc":{"start":{"line":167,"column":26},"end":{"line":175,"column":7}},"line":167},"12":{"name":"(anonymous_12)","decl":{"start":{"line":176,"column":13},"end":{"line":176,"column":14}},"loc":{"start":{"line":176,"column":24},"end":{"line":181,"column":7}},"line":176},"13":{"name":"RemoveMedia","decl":{"start":{"line":184,"column":11},"end":{"line":184,"column":22}},"loc":{"start":{"line":184,"column":32},"end":{"line":204,"column":3}},"line":184},"14":{"name":"(anonymous_14)","decl":{"start":{"line":189,"column":12},"end":{"line":189,"column":13}},"loc":{"start":{"line":189,"column":26},"end":{"line":197,"column":7}},"line":189},"15":{"name":"(anonymous_15)","decl":{"start":{"line":198,"column":13},"end":{"line":198,"column":14}},"loc":{"start":{"line":198,"column":24},"end":{"line":203,"column":7}},"line":198},"16":{"name":"displayMediaTable","decl":{"start":{"line":206,"column":11},"end":{"line":206,"column":28}},"loc":{"start":{"line":206,"column":79},"end":{"line":217,"column":3}},"line":206},"17":{"name":"formatMediaDetails","decl":{"start":{"line":220,"column":11},"end":{"line":220,"column":29}},"loc":{"start":{"line":220,"column":78},"end":{"line":261,"column":3}},"line":220},"18":{"name":"(anonymous_18)","decl":{"start":{"line":234,"column":21},"end":{"line":234,"column":22}},"loc":{"start":{"line":235,"column":14},"end":{"line":240,"column":16}},"line":235},"19":{"name":"(anonymous_19)","decl":{"start":{"line":244,"column":48},"end":{"line":244,"column":49}},"loc":{"start":{"line":244,"column":54},"end":{"line":244,"column":74}},"line":244},"20":{"name":"(anonymous_20)","decl":{"start":{"line":248,"column":21},"end":{"line":248,"column":22}},"loc":{"start":{"line":249,"column":14},"end":{"line":254,"column":16}},"line":249},"21":{"name":"setupTable","decl":{"start":{"line":263,"column":11},"end":{"line":263,"column":21}},"loc":{"start":{"line":263,"column":24},"end":{"line":291,"column":3}},"line":263}},"branchMap":{},"s":{"0":2,"1":2,"2":0,"3":0,"4":0,"5":0,"6":0,"7":0,"8":0,"9":0,"10":0,"11":0,"12":0,"13":0,"14":0,"15":0,"16":0,"17":0,"18":0,"19":0,"20":0,"21":0,"22":0,"23":0,"24":0,"25":0,"26":0,"27":0,"28":0,"29":0,"30":0,"31":0,"32":0,"33":0,"34":0,"35":0,"36":0,"37":0,"38":0,"39":0,"40":0,"41":0,"42":0,"43":0,"44":0,"45":0,"46":0,"47":0,"48":0,"49":0,"50":0,"51":0,"52":0,"53":0,"54":0,"55":0,"56":0,"57":0,"58":0,"59":0,"60":0,"61":0,"62":0,"63":0,"64":0,"65":0,"66":0,"67":0,"68":0,"69":0,"70":0,"71":0,"72":0,"73":0,"74":0},"f":{"0":0,"1":0,"2":0,"3":0,"4":0,"5":0,"6":0,"7":0,"8":0,"9":0,"10":0,"11":0,"12":0,"13":0,"14":0,"15":0,"16":0,"17":0,"18":0,"19":0,"20":0,"21":0},"b":{},"_coverageSchema":"1a1c01bbd47fc00a2c39e90264f33305004495a9","hash":"f2d86dcd827240ba2d0667d4380ee0327d1c230e"}
[...]
,"C:\\Uni\\Contemp Software Dev\\EpilepsyApp\\src\\main\\pages\\patientDetails.js": {"path":"C:\\Uni\\Contemp Software Dev\\EpilepsyApp\\src\\main\\pages\\patientDetails.js","statementMap":{"0":{"start":{"line":7,"column":15},"end":{"line":7,"column":46}},"1":{"start":{"line":8,"column":28},"end":{"line":8,"column":72}},"2":{"start":{"line":11,"column":17},"end":{"line":11,"column":29}},"3":{"start":{"line":12,"column":18},"end":{"line":12,"column":32}},"4":{"start":{"line":13,"column":15},"end":{"line":13,"column":26}},"5":{"start":{"line":14,"column":17},"end":{"line":14,"column":30}},"6":{"start":{"line":15,"column":24},"end":{"line":15,"column":39}},"7":{"start":{"line":16,"column":18},"end":{"line":16,"column":41}},"8":{"start":{"line":17,"column":15},"end":{"line":35,"column":3}},"9":{"start":{"line":39,"column":6},"end":{"line":39,"column":63}},"10":{"start":{"line":40,"column":19},"end":{"line":59,"column":7}},"11":{"start":{"line":60,"column":6},"end":{"line":60,"column":40}},"12":{"start":{"line":61,"column":6},"end":{"line":80,"column":7}},"13":{"start":{"line":62,"column":18},"end":{"line":62,"column":69}},"14":{"start":{"line":63,"column":8},"end":{"line":63,"column":25}},"15":{"start":{"line":64,"column":8},"end":{"line":79,"column":13}},"16":{"start":{"line":73,"column":12},"end":{"line":73,"column":76}},"17":{"start":{"line":74,"column":12},"end":{"line":74,"column":100}},"18":{"start":{"line":75,"column":12},"end":{"line":75,"column":97}},"19":{"start":{"line":78,"column":12},"end":{"line":78,"column":31}},"20":{"start":{"line":84,"column":6},"end":{"line":84,"column":45}},"21":{"start":{"line":85,"column":16},"end":{"line":85,"column":68}},"22":{"start":{"line":86,"column":6},"end":{"line":86,"column":10}},"23":{"start":{"line":87,"column":6},"end":{"line":100,"column":11}},"24":{"start":{"line":89,"column":10},"end":{"line":89,"column":51}},"25":{"start":{"line":90,"column":10},"end":{"line":92,"column":12}},"26":{"start":{"line":93,"column":10},"end":{"line":93,"column":95}},"27":{"start":{"line":96,"column":10},"end":{"line":96,"column":29}},"28":{"start":{"line":97,"column":10},"end":{"line":99,"column":12}},"29":{"start":{"line":103,"column":4},"end":{"line":292,"column":6}},"30":{"start":{"line":117,"column":40},"end":{"line":117,"column":63}},"31":{"start":{"line":127,"column":40},"end":{"line":127,"column":61}},"32":{"start":{"line":140,"column":40},"end":{"line":140,"column":60}},"33":{"start":{"line":150,"column":40},"end":{"line":150,"column":70}},"34":{"start":{"line":162,"column":40},"end":{"line":162,"column":59}},"35":{"start":{"line":174,"column":40},"end":{"line":174,"column":57}},"36":{"start":{"line":186,"column":40},"end":{"line":186,"column":73}},"37":{"start":{"line":200,"column":40},"end":{"line":200,"column":66}},"38":{"start":{"line":216,"column":44},"end":{"line":216,"column":101}},"39":{"start":{"line":232,"column":42},"end":{"line":232,"column":89}},"40":{"start":{"line":247,"column":42},"end":{"line":247,"column":98}},"41":{"start":{"line":262,"column":42},"end":{"line":262,"column":102}},"42":{"start":{"line":276,"column":40},"end":{"line":276,"column":93}},"43":{"start":{"line":284,"column":25},"end":{"line":284,"column":40}},"44":{"start":{"line":289,"column":25},"end":{"line":289,"column":40}},"45":{"start":{"line":296,"column":2},"end":{"line":300,"column":4}}},"fnMap":{"0":{"name":"PatientDetail","decl":{"start":{"line":10,"column":24},"end":{"line":10,"column":37}},"loc":{"start":{"line":10,"column":61},"end":{"line":301,"column":1}},"line":10},"1":{"name":"loadPatientDetails","decl":{"start":{"line":37,"column":11},"end":{"line":37,"column":29}},"loc":{"start":{"line":37,"column":32},"end":{"line":293,"column":3}},"line":37},"2":{"name":"updatePatient","decl":{"start":{"line":38,"column":13},"end":{"line":38,"column":26}},"loc":{"start":{"line":38,"column":29},"end":{"line":81,"column":5}},"line":38},"3":{"name":"(anonymous_3)","decl":{"start":{"line":72,"column":16},"end":{"line":72,"column":17}},"loc":{"start":{"line":72,"column":30},"end":{"line":76,"column":11}},"line":72},"4":{"name":"(anonymous_4)","decl":{"start":{"line":77,"column":17},"end":{"line":77,"column":18}},"loc":{"start":{"line":77,"column":28},"end":{"line":79,"column":11}},"line":77},"5":{"name":"removePatient","decl":{"start":{"line":83,"column":13},"end":{"line":83,"column":26}},"loc":{"start":{"line":83,"column":29},"end":{"line":101,"column":5}},"line":83},"6":{"name":"(anonymous_6)","decl":{"start":{"line":88,"column":14},"end":{"line":88,"column":15}},"loc":{"start":{"line":88,"column":28},"end":{"line":94,"column":9}},"line":88},"7":{"name":"(anonymous_7)","decl":{"start":{"line":95,"column":15},"end":{"line":95,"column":16}},"loc":{"start":{"line":95,"column":26},"end":{"line":100,"column":9}},"line":95},"8":{"name":"(anonymous_8)","decl":{"start":{"line":117,"column":30},"end":{"line":117,"column":31}},"loc":{"start":{"line":117,"column":40},"end":{"line":117,"column":63}},"line":117},"9":{"name":"(anonymous_9)","decl":{"start":{"line":127,"column":30},"end":{"line":127,"column":31}},"loc":{"start":{"line":127,"column":40},"end":{"line":127,"column":61}},"line":127},"10":{"name":"(anonymous_10)","decl":{"start":{"line":140,"column":30},"end":{"line":140,"column":31}},"loc":{"start":{"line":140,"column":40},"end":{"line":140,"column":60}},"line":140},"11":{"name":"(anonymous_11)","decl":{"start":{"line":150,"column":30},"end":{"line":150,"column":31}},"loc":{"start":{"line":150,"column":40},"end":{"line":150,"column":70}},"line":150},"12":{"name":"(anonymous_12)","decl":{"start":{"line":162,"column":30},"end":{"line":162,"column":31}},"loc":{"start":{"line":162,"column":40},"end":{"line":162,"column":59}},"line":162},"13":{"name":"(anonymous_13)","decl":{"start":{"line":174,"column":30},"end":{"line":174,"column":31}},"loc":{"start":{"line":174,"column":40},"end":{"line":174,"column":57}},"line":174},"14":{"name":"(anonymous_14)","decl":{"start":{"line":186,"column":30},"end":{"line":186,"column":31}},"loc":{"start":{"line":186,"column":40},"end":{"line":186,"column":73}},"line":186},"15":{"name":"(anonymous_15)","decl":{"start":{"line":200,"column":30},"end":{"line":200,"column":31}},"loc":{"start":{"line":200,"column":40},"end":{"line":200,"column":66}},"line":200},"16":{"name":"(anonymous_16)","decl":{"start":{"line":216,"column":34},"end":{"line":216,"column":35}},"loc":{"start":{"line":216,"column":44},"end":{"line":216,"column":101}},"line":216},"17":{"name":"(anonymous_17)","decl":{"start":{"line":232,"column":32},"end":{"line":232,"column":33}},"loc":{"start":{"line":232,"column":42},"end":{"line":232,"column":89}},"line":232},"18":{"name":"(anonymous_18)","decl":{"start":{"line":247,"column":32},"end":{"line":247,"column":33}},"loc":{"start":{"line":247,"column":42},"end":{"line":247,"column":98}},"line":247},"19":{"name":"(anonymous_19)","decl":{"start":{"line":262,"column":32},"end":{"line":262,"column":33}},"loc":{"start":{"line":262,"column":42},"end":{"line":262,"column":102}},"line":262},"20":{"name":"(anonymous_20)","decl":{"start":{"line":276,"column":30},"end":{"line":276,"column":31}},"loc":{"start":{"line":276,"column":40},"end":{"line":276,"column":93}},"line":276},"21":{"name":"(anonymous_21)","decl":{"start":{"line":284,"column":19},"end":{"line":284,"column":20}},"loc":{"start":{"line":284,"column":25},"end":{"line":284,"column":40}},"line":284},"22":{"name":"(anonymous_22)","decl":{"start":{"line":289,"column":19},"end":{"line":289,"column":20}},"loc":{"start":{"line":289,"column":25},"end":{"line":289,"column":40}},"line":289}},"branchMap":{"0":{"loc":{"start":{"line":61,"column":6},"end":{"line":80,"column":7}},"type":"if","locations":[{"start":{"line":61,"column":6},"end":{"line":80,"column":7}},{"start":{},"end":{}}],"line":61}},"s":{"0":3,"1":3,"2":1,"3":1,"4":1,"5":1,"6":1,"7":1,"8":1,"9":0,"10":0,"11":0,"12":0,"13":0,"14":0,"15":0,"16":0,"17":0,"18":0,"19":0,"20":0,"21":0,"22":0,"23":0,"24":0,"25":0,"26":0,"27":0,"28":0,"29":1,"30":0,"31":0,"32":0,"33":0,"34":0,"35":0,"36":0,"37":0,"38":0,"39":0,"40":0,"41":0,"42":0,"43":0,"44":0,"45":1},"f":{"0":1,"1":1,"2":0,"3":0,"4":0,"5":0,"6":0,"7":0,"8":0,"9":0,"10":0,"11":0,"12":0,"13":0,"14":0,"15":0,"16":0,"17":0,"18":0,"19":0,"20":0,"21":0,"22":0},"b":{"0":[0,0]},"_coverageSchema":"1a1c01bbd47fc00a2c39e90264f33305004495a9","hash":"d7e7cecfe1c526a4d8f2f9c53734ea46c4073fb0"}
,"C:\\Uni\\Contemp Software Dev\\EpilepsyApp\\src\\main\\pages\\personalDetails.js": {"path":"C:\\Uni\\Contemp Software Dev\\EpilepsyApp\\src\\main\\pages\\personalDetails.js","statementMap":{"0":{"start":{"line":6,"column":15},"end":{"line":6,"column":46}},"1":{"start":{"line":7,"column":29},"end":{"line":7,"column":74}},"2":{"start":{"line":10,"column":17},"end":{"line":10,"column":29}},"3":{"start":{"line":11,"column":15},"end":{"line":11,"column":26}},"4":{"start":{"line":12,"column":17},"end":{"line":12,"column":30}},"5":{"start":{"line":13,"column":24},"end":{"line":13,"column":39}},"6":{"start":{"line":15,"column":4},"end":{"line":91,"column":5}},"7":{"start":{"line":16,"column":19},"end":{"line":35,"column":7}},"8":{"start":{"line":36,"column":6},"end":{"line":36,"column":40}},"9":{"start":{"line":37,"column":6},"end":{"line":56,"column":7}},"10":{"start":{"line":38,"column":18},"end":{"line":38,"column":69}},"11":{"start":{"line":39,"column":8},"end":{"line":39,"column":25}},"12":{"start":{"line":40,"column":8},"end":{"line":55,"column":13}},"13":{"start":{"line":49,"column":12},"end":{"line":49,"column":76}},"14":{"start":{"line":50,"column":12},"end":{"line":50,"column":50}},"15":{"start":{"line":51,"column":12},"end":{"line":51,"column":97}},"16":{"start":{"line":54,"column":12},"end":{"line":54,"column":31}},"17":{"start":{"line":58,"column":19},"end":{"line":69,"column":7}},"18":{"start":{"line":70,"column":6},"end":{"line":70,"column":40}},"19":{"start":{"line":71,"column":6},"end":{"line":90,"column":7}},"20":{"start":{"line":72,"column":18},"end":{"line":72,"column":69}},"21":{"start":{"line":73,"column":8},"end":{"line":73,"column":25}},"22":{"start":{"line":74,"column":8},"end":{"line":89,"column":13}},"23":{"start":{"line":83,"column":12},"end":{"line":83,"column":76}},"24":{"start":{"line":84,"column":12},"end":{"line":84,"column":50}},"25":{"start":{"line":85,"column":12},"end":{"line":85,"column":97}},"26":{"start":{"line":88,"column":12},"end":{"line":88,"column":31}},"27":{"start":{"line":93,"column":2},"end":{"line":198,"column":4}},"28":{"start":{"line":104,"column":38},"end":{"line":104,"column":61}},"29":{"start":{"line":114,"column":38},"end":{"line":114,"column":59}},"30":{"start":{"line":127,"column":38},"end":{"line":127,"column":58}},"31":{"start":{"line":137,"column":38},"end":{"line":137,"column":60}},"32":{"start":{"line":149,"column":38},"end":{"line":149,"column":57}},"33":{"start":{"line":161,"column":38},"end":{"line":161,"column":55}},"34":{"start":{"line":173,"column":38},"end":{"line":173,"column":67}},"35":{"start":{"line":186,"column":38},"end":{"line":186,"column":64}},"36":{"start":{"line":195,"column":23},"end":{"line":195,"column":35}}},"fnMap":{"0":{"name":"PersonalDetails","decl":{"start":{"line":9,"column":24},"end":{"line":9,"column":39}},"loc":{"start":{"line":9,"column":63},"end":{"line":199,"column":1}},"line":9},"1":{"name":"updateUser","decl":{"start":{"line":14,"column":11},"end":{"line":14,"column":21}},"loc":{"start":{"line":14,"column":24},"end":{"line":92,"column":3}},"line":14},"2":{"name":"(anonymous_2)","decl":{"start":{"line":48,"column":16},"end":{"line":48,"column":17}},"loc":{"start":{"line":48,"column":30},"end":{"line":52,"column":11}},"line":48},"3":{"name":"(anonymous_3)","decl":{"start":{"line":53,"column":17},"end":{"line":53,"column":18}},"loc":{"start":{"line":53,"column":28},"end":{"line":55,"column":11}},"line":53},"4":{"name":"(anonymous_4)","decl":{"start":{"line":82,"column":16},"end":{"line":82,"column":17}},"loc":{"start":{"line":82,"column":30},"end":{"line":86,"column":11}},"line":82},"5":{"name":"(anonymous_5)","decl":{"start":{"line":87,"column":17},"end":{"line":87,"column":18}},"loc":{"start":{"line":87,"column":28},"end":{"line":89,"column":11}},"line":87},"6":{"name":"(anonymous_6)","decl":{"start":{"line":104,"column":28},"end":{"line":104,"column":29}},"loc":{"start":{"line":104,"column":38},"end":{"line":104,"column":61}},"line":104},"7":{"name":"(anonymous_7)","decl":{"start":{"line":114,"column":28},"end":{"line":114,"column":29}},"loc":{"start":{"line":114,"column":38},"end":{"line":114,"column":59}},"line":114},"8":{"name":"(anonymous_8)","decl":{"start":{"line":127,"column":28},"end":{"line":127,"column":29}},"loc":{"start":{"line":127,"column":38},"end":{"line":127,"column":58}},"line":127},"9":{"name":"(anonymous_9)","decl":{"start":{"line":137,"column":28},"end":{"line":137,"column":29}},"loc":{"start":{"line":137,"column":38},"end":{"line":137,"column":60}},"line":137},"10":{"name":"(anonymous_10)","decl":{"start":{"line":149,"column":28},"end":{"line":149,"column":29}},"loc":{"start":{"line":149,"column":38},"end":{"line":149,"column":57}},"line":149},"11":{"name":"(anonymous_11)","decl":{"start":{"line":161,"column":28},"end":{"line":161,"column":29}},"loc":{"start":{"line":161,"column":38},"end":{"line":161,"column":55}},"line":161},"12":{"name":"(anonymous_12)","decl":{"start":{"line":173,"column":28},"end":{"line":173,"column":29}},"loc":{"start":{"line":173,"column":38},"end":{"line":173,"column":67}},"line":173},"13":{"name":"(anonymous_13)","decl":{"start":{"line":186,"column":28},"end":{"line":186,"column":29}},"loc":{"start":{"line":186,"column":38},"end":{"line":186,"column":64}},"line":186},"14":{"name":"(anonymous_14)","decl":{"start":{"line":195,"column":17},"end":{"line":195,"column":18}},"loc":{"start":{"line":195,"column":23},"end":{"line":195,"column":35}},"line":195}},"branchMap":{"0":{"loc":{"start":{"line":15,"column":4},"end":{"line":91,"column":5}},"type":"if","locations":[{"start":{"line":15,"column":4},"end":{"line":91,"column":5}},{"start":{"line":57,"column":11},"end":{"line":91,"column":5}}],"line":15},"1":{"loc":{"start":{"line":37,"column":6},"end":{"line":56,"column":7}},"type":"if","locations":[{"start":{"line":37,"column":6},"end":{"line":56,"column":7}},{"start":{},"end":{}}],"line":37},"2":{"loc":{"start":{"line":71,"column":6},"end":{"line":90,"column":7}},"type":"if","locations":[{"start":{"line":71,"column":6},"end":{"line":90,"column":7}},{"start":{},"end":{}}],"line":71}},"s":{"0":2,"1":2,"2":0,"3":0,"4":0,"5":0,"6":0,"7":0,"8":0,"9":0,"10":0,"11":0,"12":0,"13":0,"14":0,"15":0,"16":0,"17":0,"18":0,"19":0,"20":0,"21":0,"22":0,"23":0,"24":0,"25":0,"26":0,"27":0,"28":0,"29":0,"30":0,"31":0,"32":0,"33":0,"34":0,"35":0,"36":0},"f":{"0":0,"1":0,"2":0,"3":0,"4":0,"5":0,"6":0,"7":0,"8":0,"9":0,"10":0,"11":0,"12":0,"13":0,"14":0},"b":{"0":[0,0],"1":[0,0],"2":[0,0]},"_coverageSchema":"1a1c01bbd47fc00a2c39e90264f33305004495a9","hash":"2672151a4cf6973c94deca7ee1791ff167e9b017"}
,"C:\\Uni\\Contemp Software Dev\\EpilepsyApp\\src\\main\\pages\\stylesheets\\analyticsStyle.js": {"path":"C:\\Uni\\Contemp Software Dev\\EpilepsyApp\\src\\main\\pages\\stylesheets\\analyticsStyle.js","statementMap":{"0":{"start":{"line":3,"column":0},"end":{"line":25,"column":5}}},"fnMap":{},"branchMap":{},"s":{"0":2},"f":{},"b":{},"_coverageSchema":"1a1c01bbd47fc00a2c39e90264f33305004495a9","hash":"cec1071dc56bf5ab77a0ab86a29f910a128c96e7"}
,"C:\\Uni\\Contemp Software Dev\\EpilepsyApp\\src\\main\\pages\\stylesheets\\createPatientPage.js": {"path":"C:\\Uni\\Contemp Software Dev\\EpilepsyApp\\src\\main\\pages\\stylesheets\\createPatientPage.js","statementMap":{"0":{"start":{"line":3,"column":0},"end":{"line":47,"column":5}}},"fnMap":{},"branchMap":{},"s":{"0":2},"f":{},"b":{},"_coverageSchema":"1a1c01bbd47fc00a2c39e90264f33305004495a9","hash":"e6f1adf0dfc4887a900096fb4a5613f6e5e9f21f"}
,"C:\\Uni\\Contemp Software Dev\\EpilepsyApp\\src\\main\\pages\\stylesheets\\homeStyle.js": {"path":"C:\\Uni\\Contemp Software Dev\\EpilepsyApp\\src\\main\\pages\\stylesheets\\homeStyle.js","statementMap":{"0":{"start":{"line":3,"column":0},"end":{"line":78,"column":3}}},"fnMap":{},"branchMap":{},"s":{"0":3},"f":{},"b":{},"_coverageSchema":"1a1c01bbd47fc00a2c39e90264f33305004495a9","hash":"06c3010f5439e7e14d6fcac318ffb406bf1285b8"}
,"C:\\Uni\\Contemp Software Dev\\EpilepsyApp\\src\\main\\pages\\stylesheets\\loginStyles.js": {"path":"C:\\Uni\\Contemp Software Dev\\EpilepsyApp\\src\\main\\pages\\stylesheets\\loginStyles.js","statementMap":{"0":{"start":{"line":3,"column":0},"end":{"line":48,"column":3}}},"fnMap":{},"branchMap":{},"s":{"0":3},"f":{},"b":{},"_coverageSchema":"1a1c01bbd47fc00a2c39e90264f33305004495a9","hash":"90bfe64d310511195c0623268e19795454780947"}
,"C:\\Uni\\Contemp Software Dev\\EpilepsyApp\\src\\main\\pages\\stylesheets\\mediaDetailsStyle.js": {"path":"C:\\Uni\\Contemp Software Dev\\EpilepsyApp\\src\\main\\pages\\stylesheets\\mediaDetailsStyle.js","statementMap":{"0":{"start":{"line":3,"column":0},"end":{"line":36,"column":5}}},"fnMap":{},"branchMap":{},"s":{"0":2},"f":{},"b":{},"_coverageSchema":"1a1c01bbd47fc00a2c39e90264f33305004495a9","hash":"be7775c29dc4ff4883ea4f633747c9a855fba3ab"}
,"C:\\Uni\\Contemp Software Dev\\EpilepsyApp\\src\\main\\pages\\stylesheets\\navStyle.js": {"path":"C:\\Uni\\Contemp Software Dev\\EpilepsyApp\\src\\main\\pages\\stylesheets\\navStyle.js","statementMap":{"0":{"start":{"line":3,"column":0},"end":{"line":21,"column":5}}},"fnMap":{},"branchMap":{},"s":{"0":3},"f":{},"b":{},"_coverageSchema":"1a1c01bbd47fc00a2c39e90264f33305004495a9","hash":"626660a1fb217c4eade87652dea5c9e494377c54"}
,"C:\\Uni\\Contemp Software Dev\\EpilepsyApp\\src\\main\\pages\\stylesheets\\patientDetailsStyle.js": {"path":"C:\\Uni\\Contemp Software Dev\\EpilepsyApp\\src\\main\\pages\\stylesheets\\patientDetailsStyle.js","statementMap":{"0":{"start":{"line":3,"column":0},"end":{"line":76,"column":5}}},"fnMap":{},"branchMap":{},"s":{"0":3},"f":{},"b":{},"_coverageSchema":"1a1c01bbd47fc00a2c39e90264f33305004495a9","hash":"fdc88591e60a1c35ea6dc666efa455bfc03dcf52"}
,"C:\\Uni\\Contemp Software Dev\\EpilepsyApp\\src\\main\\pages\\stylesheets\\personalDetailsStyle.js": {"path":"C:\\Uni\\Contemp Software Dev\\EpilepsyApp\\src\\main\\pages\\stylesheets\\personalDetailsStyle.js","statementMap":{"0":{"start":{"line":3,"column":0},"end":{"line":68,"column":5}}},"fnMap":{},"branchMap":{},"s":{"0":2},"f":{},"b":{},"_coverageSchema":"1a1c01bbd47fc00a2c39e90264f33305004495a9","hash":"777236256408f731690589cb49000be84917769f"}
,"C:\\Uni\\Contemp Software Dev\\EpilepsyApp\\src\\main\\pages\\stylesheets\\styles.js": {"path":"C:\\Uni\\Contemp Software Dev\\EpilepsyApp\\src\\main\\pages\\stylesheets\\styles.js","statementMap":{"0":{"start":{"line":3,"column":0},"end":{"line":41,"column":5}}},"fnMap":{},"branchMap":{},"s":{"0":4},"f":{},"b":{},"_coverageSchema":"1a1c01bbd47fc00a2c39e90264f33305004495a9","hash":"9ee738bd913746f04df8433bf1f9a045524a841c"}
}
