TN:
SF:App.js
FN:20,App
FNF:1
FNH:1
FNDA:3,App
DA:18,2
DA:22,3
DA:41,2
LF:3
LH:3
BRF:0
BRH:0
end_of_record
TN:
SF:index.js
FNF:0
FNH:0
DA:9,0
LF:1
LH:0
BRF:0
BRH:0
end_of_record
TN:
SF:metro.config.js
FNF:0
FNH:0
DA:2,0
DA:4,0
LF:2
LH:0
BRF:0
BRH:0
end_of_record
TN:
SF:dist\js\app.js
FN:2,(anonymous_0)
FN:22,(anonymous_1)
FN:22,(anonymous_2)
FN:23,(anonymous_3)
FNF:4
FNH:0
FNDA:0,(anonymous_0)
FNDA:0,(anonymous_1)
FNDA:0,(anonymous_2)
FNDA:0,(anonymous_3)
DA:2,0
DA:3,0
DA:5,0
DA:6,0
DA:7,0
DA:8,0
DA:9,0
DA:10,0
DA:11,0
DA:13,0
DA:15,0
DA:16,0
DA:17,0
DA:18,0
DA:19,0
DA:20,0
DA:22,0
DA:24,0
LF:18
LH:0
BRDA:2,0,0,0
BRDA:2,0,1,0
BRDA:2,0,2,0
BRDA:3,1,0,0
BRDA:3,1,1,0
BRDA:3,2,0,0
BRDA:3,2,1,0
BRDA:16,3,0,0
BRDA:16,3,1,0
BRF:9
BRH:0
end_of_record
TN:
SF:dist\js\controllers\movie\index.js
FN:2,(anonymous_0)
FN:3,adopt
FN:3,(anonymous_2)
FN:4,(anonymous_3)
FN:5,fulfilled
FN:6,rejected
FN:7,step
FN:11,(anonymous_7)
FN:17,(anonymous_8)
FN:17,(anonymous_9)
FN:27,(anonymous_10)
FN:27,(anonymous_11)
FN:47,(anonymous_12)
FN:47,(anonymous_13)
FN:63,(anonymous_14)
FN:63,(anonymous_15)
FNF:16
FNH:0
FNDA:0,(anonymous_0)
FNDA:0,adopt
FNDA:0,(anonymous_2)
FNDA:0,(anonymous_3)
FNDA:0,fulfilled
FNDA:0,rejected
FNDA:0,step
FNDA:0,(anonymous_7)
FNDA:0,(anonymous_8)
FNDA:0,(anonymous_9)
FNDA:0,(anonymous_10)
FNDA:0,(anonymous_11)
FNDA:0,(anonymous_12)
FNDA:0,(anonymous_13)
FNDA:0,(anonymous_14)
FNDA:0,(anonymous_15)
DA:2,0
DA:3,0
DA:4,0
DA:5,0
DA:6,0
DA:7,0
DA:8,0
DA:11,0
DA:12,0
DA:14,0
DA:15,0
DA:16,0
DA:17,0
DA:18,0
DA:19,0
DA:20,0
DA:23,0
DA:26,0
DA:27,0
DA:28,0
DA:29,0
DA:30,0
DA:31,0
DA:36,0
DA:37,0
DA:38,0
DA:43,0
DA:46,0
DA:47,0
DA:48,0
DA:49,0
DA:50,0
DA:51,0
DA:52,0
DA:59,0
DA:62,0
DA:63,0
DA:64,0
DA:65,0
DA:66,0
DA:67,0
DA:68,0
DA:75,0
DA:78,0
LF:44
LH:0
BRDA:2,0,0,0
BRDA:2,0,1,0
BRDA:2,0,2,0
BRDA:3,1,0,0
BRDA:3,1,1,0
BRDA:4,2,0,0
BRDA:4,2,1,0
BRDA:7,3,0,0
BRDA:7,3,1,0
BRDA:8,4,0,0
BRDA:8,4,1,0
BRDA:11,5,0,0
BRDA:11,5,1,0
BRDA:11,5,2,0
BRDA:12,6,0,0
BRDA:12,6,1,0
BRDA:12,7,0,0
BRDA:12,7,1,0
BRF:18
BRH:0
end_of_record
TN:
SF:dist\js\controllers\user\index.js
FN:2,(anonymous_0)
FN:3,adopt
FN:3,(anonymous_2)
FN:4,(anonymous_3)
FN:5,fulfilled
FN:6,rejected
FN:7,step
FN:11,(anonymous_7)
FN:17,(anonymous_8)
FN:17,(anonymous_9)
FN:27,(anonymous_10)
FN:27,(anonymous_11)
FN:46,(anonymous_12)
FN:46,(anonymous_13)
FN:56,(anonymous_14)
FN:56,(anonymous_15)
FN:67,(anonymous_16)
FN:67,(anonymous_17)
FN:95,(anonymous_18)
FN:95,(anonymous_19)
FN:111,(anonymous_20)
FN:111,(anonymous_21)
FNF:22
FNH:0
FNDA:0,(anonymous_0)
FNDA:0,adopt
FNDA:0,(anonymous_2)
FNDA:0,(anonymous_3)
FNDA:0,fulfilled
FNDA:0,rejected
FNDA:0,step
FNDA:0,(anonymous_7)
FNDA:0,(anonymous_8)
FNDA:0,(anonymous_9)
FNDA:0,(anonymous_10)
FNDA:0,(anonymous_11)
FNDA:0,(anonymous_12)
FNDA:0,(anonymous_13)
FNDA:0,(anonymous_14)
FNDA:0,(anonymous_15)
FNDA:0,(anonymous_16)
FNDA:0,(anonymous_17)
FNDA:0,(anonymous_18)
FNDA:0,(anonymous_19)
FNDA:0,(anonymous_20)
FNDA:0,(anonymous_21)
DA:2,0
DA:3,0
DA:4,0
DA:5,0
DA:6,0
DA:7,0
DA:8,0
DA:11,0
DA:12,0
DA:14,0
DA:15,0
DA:16,0
DA:17,0
DA:18,0
DA:19,0
DA:20,0
DA:23,0
DA:26,0
DA:27,0
DA:29,0
DA:30,0
DA:31,0
DA:32,0
DA:33,0
DA:34,0
DA:35,0
DA:36,0
DA:39,0
DA:42,0
DA:45,0
DA:46,0
DA:47,0
DA:48,0
DA:49,0
DA:52,0
DA:55,0
DA:56,0
DA:57,0
DA:58,0
DA:59,0
DA:60,0
DA:63,0
DA:66,0
DA:67,0
DA:68,0
DA:69,0
DA:70,0
DA:71,0
DA:84,0
DA:85,0
DA:86,0
DA:91,0
DA:94,0
DA:95,0
DA:96,0
DA:97,0
DA:98,0
DA:99,0
DA:100,0
DA:107,0
DA:110,0
DA:111,0
DA:112,0
DA:113,0
DA:114,0
DA:115,0
DA:116,0
DA:123,0
DA:126,0
LF:69
LH:0
BRDA:2,0,0,0
BRDA:2,0,1,0
BRDA:2,0,2,0
BRDA:3,1,0,0
BRDA:3,1,1,0
BRDA:4,2,0,0
BRDA:4,2,1,0
BRDA:7,3,0,0
BRDA:7,3,1,0
BRDA:8,4,0,0
BRDA:8,4,1,0
BRDA:11,5,0,0
BRDA:11,5,1,0
BRDA:11,5,2,0
BRDA:12,6,0,0
BRDA:12,6,1,0
BRDA:12,7,0,0
BRDA:12,7,1,0
BRDA:35,8,0,0
BRDA:35,8,1,0
BRDA:35,9,0,0
BRDA:35,9,1,0
BRDA:35,10,0,0
BRDA:35,10,1,0
BRF:24
BRH:0
end_of_record
TN:
SF:dist\js\models\movie.js
FNF:0
FNH:0
DA:2,0
DA:3,0
DA:4,0
DA:19,0
LF:4
LH:0
BRF:0
BRH:0
end_of_record
TN:
SF:dist\js\models\user.js
FNF:0
FNH:0
DA:2,0
DA:3,0
DA:4,0
DA:27,0
DA:70,0
LF:5
LH:0
BRF:0
BRH:0
end_of_record
TN:
SF:dist\js\routes\index.js
FNF:0
FNH:0
DA:2,0
DA:3,0
DA:4,0
DA:5,0
DA:6,0
DA:8,0
DA:9,0
DA:10,0
DA:11,0
DA:13,0
DA:14,0
DA:15,0
DA:16,0
DA:17,0
DA:18,0
DA:19,0
DA:20,0
LF:17
LH:0
BRF:0
BRH:0
end_of_record
TN:
SF:dist\js\types\movie.js
FNF:0
FNH:0
DA:2,0
LF:1
LH:0
BRF:0
BRH:0
end_of_record
TN:
SF:dist\js\types\user.js
FNF:0
FNH:0
DA:2,0
LF:1
LH:0
BRF:0
BRH:0
end_of_record
TN:
SF:src\main\components\AddMHItem.js
FN:5,addMHItem
FN:10,(anonymous_1)
FN:19,(anonymous_2)
FNF:3
FNH:0
FNDA:0,addMHItem
FNDA:0,(anonymous_1)
FNDA:0,(anonymous_2)
DA:3,2
DA:6,0
DA:7,0
DA:11,0
DA:20,0
DA:28,2
LF:6
LH:2
BRF:0
BRH:0
end_of_record
TN:
SF:src\main\components\AddTriggersItem.js
FN:5,addTriggersItem
FN:10,(anonymous_1)
FN:19,(anonymous_2)
FNF:3
FNH:0
FNDA:0,addTriggersItem
FNDA:0,(anonymous_1)
FNDA:0,(anonymous_2)
DA:3,2
DA:6,0
DA:7,0
DA:11,0
DA:20,0
DA:28,2
LF:6
LH:2
BRF:0
BRH:0
end_of_record
TN:
SF:src\main\components\AddTypeItem.js
FN:5,addTypeItem
FN:10,(anonymous_1)
FN:19,(anonymous_2)
FNF:3
FNH:0
FNDA:0,addTypeItem
FNDA:0,(anonymous_1)
FNDA:0,(anonymous_2)
DA:3,2
DA:6,0
DA:7,0
DA:11,0
DA:20,0
DA:28,2
LF:6
LH:2
BRF:0
BRH:0
end_of_record
TN:
SF:src\main\components\AddWarningItem.js
FN:5,addWarningItem
FN:10,(anonymous_1)
FN:19,(anonymous_2)
FNF:3
FNH:0
FNDA:0,addWarningItem
FNDA:0,(anonymous_1)
FNDA:0,(anonymous_2)
DA:3,2
DA:6,0
DA:7,0
DA:11,0
DA:20,0
DA:28,2
LF:6
LH:2
BRF:0
BRH:0
end_of_record
TN:
SF:src\main\components\Address.js
FN:2,(anonymous_0)
FN:12,(anonymous_1)
FN:16,(anonymous_2)
FN:20,(anonymous_3)
FN:24,(anonymous_4)
FN:32,(anonymous_5)
FN:36,(anonymous_6)
FN:40,(anonymous_7)
FNF:8
FNH:4
FNDA:3,(anonymous_0)
FNDA:2,(anonymous_1)
FNDA:2,(anonymous_2)
FNDA:2,(anonymous_3)
FNDA:0,(anonymous_4)
FNDA:0,(anonymous_5)
FNDA:0,(anonymous_6)
FNDA:0,(anonymous_7)
DA:3,3
DA:4,3
DA:5,3
DA:13,2
DA:17,2
DA:21,2
DA:25,0
DA:33,0
DA:37,0
DA:41,0
LF:10
LH:6
BRF:0
BRH:0
end_of_record
TN:
SF:src\main\components\Admin.js
FN:4,(anonymous_0)
FN:34,(anonymous_1)
FN:38,(anonymous_2)
FN:42,(anonymous_3)
FN:46,(anonymous_4)
FN:50,(anonymous_5)
FN:54,(anonymous_6)
FN:58,(anonymous_7)
FN:62,(anonymous_8)
FN:66,(anonymous_9)
FN:70,(anonymous_10)
FN:74,(anonymous_11)
FN:82,(anonymous_12)
FN:86,(anonymous_13)
FN:90,(anonymous_14)
FN:94,(anonymous_15)
FN:98,(anonymous_16)
FN:102,(anonymous_17)
FN:106,(anonymous_18)
FN:110,(anonymous_19)
FNF:20
FNH:0
FNDA:0,(anonymous_0)
FNDA:0,(anonymous_1)
FNDA:0,(anonymous_2)
FNDA:0,(anonymous_3)
FNDA:0,(anonymous_4)
FNDA:0,(anonymous_5)
FNDA:0,(anonymous_6)
FNDA:0,(anonymous_7)
FNDA:0,(anonymous_8)
FNDA:0,(anonymous_9)
FNDA:0,(anonymous_10)
FNDA:0,(anonymous_11)
FNDA:0,(anonymous_12)
FNDA:0,(anonymous_13)
FNDA:0,(anonymous_14)
FNDA:0,(anonymous_15)
FNDA:0,(anonymous_16)
FNDA:0,(anonymous_17)
FNDA:0,(anonymous_18)
FNDA:0,(anonymous_19)
DA:18,0
DA:19,0
DA:20,0
DA:21,0
DA:22,0
DA:23,0
DA:24,0
DA:25,0
DA:26,0
DA:27,0
DA:35,0
DA:39,0
DA:43,0
DA:47,0
DA:51,0
DA:55,0
DA:59,0
DA:63,0
DA:67,0
DA:71,0
DA:75,0
DA:83,0
DA:87,0
DA:91,0
DA:95,0
DA:99,0
DA:103,0
DA:107,0
DA:111,0
DA:112,0
LF:30
LH:0
BRF:0
BRH:0
end_of_record
TN:
SF:src\main\components\ListMHItems.js
FN:5,ListMHItems
FN:10,(anonymous_1)
FN:28,(anonymous_2)
FNF:3
FNH:0
FNDA:0,ListMHItems
FNDA:0,(anonymous_1)
FNDA:0,(anonymous_2)
DA:3,2
DA:6,0
DA:11,0
DA:29,0
DA:40,2
LF:5
LH:2
BRF:0
BRH:0
end_of_record
TN:
SF:src\main\components\ListTriggersItems.js
FN:5,ListTriggersItems
FN:10,(anonymous_1)
FN:28,(anonymous_2)
FNF:3
FNH:0
FNDA:0,ListTriggersItems
FNDA:0,(anonymous_1)
FNDA:0,(anonymous_2)
DA:3,2
DA:6,0
DA:11,0
DA:29,0
DA:40,2
LF:5
LH:2
BRF:0
BRH:0
end_of_record
TN:
SF:src\main\components\ListTypeItems.js
FN:5,ListTypeItems
FN:10,(anonymous_1)
FN:28,(anonymous_2)
FNF:3
FNH:0
FNDA:0,ListTypeItems
FNDA:0,(anonymous_1)
FNDA:0,(anonymous_2)
DA:3,2
DA:6,0
DA:11,0
DA:29,0
DA:40,2
LF:5
LH:2
BRF:0
BRH:0
end_of_record
TN:
SF:src\main\components\ListWarningItems.js
FN:5,ListWarningItems
FN:10,(anonymous_1)
FN:28,(anonymous_2)
FNF:3
FNH:0
FNDA:0,ListWarningItems
FNDA:0,(anonymous_1)
FNDA:0,(anonymous_2)
DA:3,2
DA:6,0
DA:11,0
DA:29,0
DA:40,2
LF:5
LH:2
BRF:0
BRH:0
end_of_record
TN:
SF:src\main\components\Movie.js
FN:2,(anonymous_0)
FN:12,(anonymous_1)
FN:16,(anonymous_2)
FN:20,(anonymous_3)
FN:24,(anonymous_4)
FN:32,(anonymous_5)
FN:36,(anonymous_6)
FN:40,(anonymous_7)
FN:44,(anonymous_8)
FNF:9
FNH:0
FNDA:0,(anonymous_0)
FNDA:0,(anonymous_1)
FNDA:0,(anonymous_2)
FNDA:0,(anonymous_3)
FNDA:0,(anonymous_4)
FNDA:0,(anonymous_5)
FNDA:0,(anonymous_6)
FNDA:0,(anonymous_7)
FNDA:0,(anonymous_8)
DA:3,0
DA:4,0
DA:5,0
DA:6,0
DA:13,0
DA:17,0
DA:21,0
DA:25,0
DA:33,0
DA:37,0
DA:41,0
DA:45,0
LF:12
LH:0
BRF:0
BRH:0
end_of_record
TN:
SF:src\main\components\Movies.js
FN:2,(anonymous_0)
FN:9,(anonymous_1)
FN:17,(anonymous_2)
FNF:3
FNH:0
FNDA:0,(anonymous_0)
FNDA:0,(anonymous_1)
FNDA:0,(anonymous_2)
DA:3,0
DA:10,0
DA:18,0
LF:3
LH:0
BRF:0
BRH:0
end_of_record
TN:
SF:src\main\components\NavBar.js
FN:13,displayNav
FN:21,(anonymous_1)
FN:30,(anonymous_2)
FN:39,(anonymous_3)
FNF:4
FNH:1
FNDA:1,displayNav
FNDA:0,(anonymous_1)
FNDA:0,(anonymous_2)
FNDA:0,(anonymous_3)
DA:11,3
DA:15,1
DA:22,0
DA:31,0
DA:39,0
LF:5
LH:2
BRF:0
BRH:0
end_of_record
TN:
SF:src\main\components\Patient.js
FN:5,(anonymous_0)
FN:46,(anonymous_1)
FN:50,(anonymous_2)
FN:54,(anonymous_3)
FN:58,(anonymous_4)
FN:62,(anonymous_5)
FN:66,(anonymous_6)
FN:70,(anonymous_7)
FN:74,(anonymous_8)
FN:78,(anonymous_9)
FN:82,(anonymous_10)
FN:86,(anonymous_11)
FN:90,(anonymous_12)
FN:99,(anonymous_13)
FN:103,(anonymous_14)
FN:107,(anonymous_15)
FN:111,(anonymous_16)
FN:115,(anonymous_17)
FN:119,(anonymous_18)
FN:123,(anonymous_19)
FN:127,(anonymous_20)
FNF:21
FNH:9
FNDA:3,(anonymous_0)
FNDA:0,(anonymous_1)
FNDA:3,(anonymous_2)
FNDA:2,(anonymous_3)
FNDA:2,(anonymous_4)
FNDA:2,(anonymous_5)
FNDA:2,(anonymous_6)
FNDA:0,(anonymous_7)
FNDA:0,(anonymous_8)
FNDA:2,(anonymous_9)
FNDA:6,(anonymous_10)
FNDA:10,(anonymous_11)
FNDA:0,(anonymous_12)
FNDA:0,(anonymous_13)
FNDA:0,(anonymous_14)
FNDA:0,(anonymous_15)
FNDA:0,(anonymous_16)
FNDA:0,(anonymous_17)
FNDA:0,(anonymous_18)
FNDA:0,(anonymous_19)
FNDA:0,(anonymous_20)
DA:24,3
DA:25,3
DA:26,3
DA:27,3
DA:28,3
DA:29,3
DA:30,3
DA:31,3
DA:32,3
DA:33,3
DA:34,3
DA:47,0
DA:51,3
DA:55,2
DA:59,2
DA:63,2
DA:67,2
DA:71,0
DA:75,0
DA:79,2
DA:83,6
DA:87,10
DA:91,0
DA:100,0
DA:104,0
DA:108,0
DA:112,0
DA:116,0
DA:120,0
DA:124,0
DA:128,0
LF:31
LH:19
BRF:0
BRH:0
end_of_record
TN:
SF:src\main\components\Patients.js
FN:2,(anonymous_0)
FN:9,(anonymous_1)
FN:17,(anonymous_2)
FNF:3
FNH:0
FNDA:0,(anonymous_0)
FNDA:0,(anonymous_1)
FNDA:0,(anonymous_2)
DA:3,0
DA:10,0
DA:18,0
LF:3
LH:0
BRF:0
BRH:0
end_of_record
TN:
SF:src\main\components\Warning.js
FN:2,(anonymous_0)
FN:13,(anonymous_1)
FN:17,(anonymous_2)
FN:25,(anonymous_3)
FN:29,(anonymous_4)
FNF:5
FNH:0
FNDA:0,(anonymous_0)
FNDA:0,(anonymous_1)
FNDA:0,(anonymous_2)
FNDA:0,(anonymous_3)
FNDA:0,(anonymous_4)
DA:6,0
DA:7,0
DA:14,0
DA:18,0
DA:26,0
DA:30,0
LF:6
LH:0
BRF:0
BRH:0
end_of_record
TN:
SF:src\main\components\Warnings.js
FN:2,(anonymous_0)
FN:11,(anonymous_1)
FN:19,(anonymous_2)
FNF:3
FNH:0
FNDA:0,(anonymous_0)
FNDA:0,(anonymous_1)
FNDA:0,(anonymous_2)
DA:5,0
DA:12,0
DA:20,0
LF:3
LH:0
BRF:0
BRH:0
end_of_record
TN:
SF:src\main\components\seizureDetails.js
FN:2,(anonymous_0)
FN:16,(anonymous_1)
FN:20,(anonymous_2)
FN:24,(anonymous_3)
FN:28,(anonymous_4)
FN:32,(anonymous_5)
FN:36,(anonymous_6)
FN:50,(anonymous_7)
FN:54,(anonymous_8)
FN:58,(anonymous_9)
FN:62,(anonymous_10)
FN:66,(anonymous_11)
FNF:12
FNH:6
FNDA:3,(anonymous_0)
FNDA:2,(anonymous_1)
FNDA:2,(anonymous_2)
FNDA:2,(anonymous_3)
FNDA:2,(anonymous_4)
FNDA:2,(anonymous_5)
FNDA:0,(anonymous_6)
FNDA:0,(anonymous_7)
FNDA:0,(anonymous_8)
FNDA:0,(anonymous_9)
FNDA:0,(anonymous_10)
FNDA:0,(anonymous_11)
DA:9,3
DA:10,3
DA:11,3
DA:12,3
DA:13,3
DA:17,2
DA:21,2
DA:25,2
DA:29,2
DA:33,2
DA:37,0
DA:51,0
DA:55,0
DA:59,0
DA:63,0
DA:67,0
LF:16
LH:10
BRF:0
BRH:0
end_of_record
TN:
SF:src\main\pages\allMedia.js
FN:25,MediaDetails
FN:45,displayAddMedia
FN:51,(anonymous_2)
FN:58,(anonymous_3)
FN:59,(anonymous_4)
FN:73,(anonymous_5)
FN:81,(anonymous_6)
FN:94,(anonymous_7)
FN:100,formatMediaDetails
FN:117,(anonymous_9)
FN:130,AddMedia
FN:167,(anonymous_11)
FN:176,(anonymous_12)
FN:184,RemoveMedia
FN:189,(anonymous_14)
FN:198,(anonymous_15)
FN:206,displayMediaTable
FN:220,formatMediaDetails
FN:234,(anonymous_18)
FN:244,(anonymous_19)
FN:248,(anonymous_20)
FN:263,setupTable
FNF:22
FNH:0
FNDA:0,MediaDetails
FNDA:0,displayAddMedia
FNDA:0,(anonymous_2)
FNDA:0,(anonymous_3)
FNDA:0,(anonymous_4)
FNDA:0,(anonymous_5)
FNDA:0,(anonymous_6)
FNDA:0,(anonymous_7)
FNDA:0,formatMediaDetails
FNDA:0,(anonymous_9)
FNDA:0,AddMedia
FNDA:0,(anonymous_11)
FNDA:0,(anonymous_12)
FNDA:0,RemoveMedia
FNDA:0,(anonymous_14)
FNDA:0,(anonymous_15)
FNDA:0,displayMediaTable
FNDA:0,formatMediaDetails
FNDA:0,(anonymous_18)
FNDA:0,(anonymous_19)
FNDA:0,(anonymous_20)
FNDA:0,setupTable
DA:22,2
DA:23,2
DA:26,0
DA:27,0
DA:28,0
DA:29,0
DA:30,0
DA:31,0
DA:32,0
DA:33,0
DA:34,0
DA:36,0
DA:37,0
DA:51,0
DA:52,0
DA:56,0
DA:58,0
DA:59,0
DA:60,0
DA:62,0
DA:64,0
DA:73,0
DA:81,0
DA:94,0
DA:107,0
DA:108,0
DA:109,0
DA:110,0
DA:111,0
DA:118,0
DA:131,0
DA:132,0
DA:135,0
DA:136,0
DA:137,0
DA:138,0
DA:139,0
DA:140,0
DA:144,0
DA:145,0
DA:146,0
DA:147,0
DA:155,0
DA:168,0
DA:169,0
DA:170,0
DA:177,0
DA:178,0
DA:185,0
DA:186,0
DA:187,0
DA:188,0
DA:190,0
DA:191,0
DA:192,0
DA:199,0
DA:200,0
DA:207,0
DA:221,0
DA:222,0
DA:224,0
DA:225,0
DA:226,0
DA:227,0
DA:228,0
DA:235,0
DA:244,0
DA:249,0
DA:260,0
DA:264,0
DA:293,0
LF:71
LH:2
BRF:0
BRH:0
end_of_record
TN:
SF:src\main\pages\analytics.js
FN:53,(anonymous_0)
FN:54,(anonymous_1)
FN:71,Analytics
FN:78,(anonymous_3)
FN:92,checkIndex
FN:135,(anonymous_5)
FN:149,checkIndex
FN:196,(anonymous_7)
FN:214,(anonymous_8)
FN:227,checkIndex
FNF:10
FNH:0
FNDA:0,(anonymous_0)
FNDA:0,(anonymous_1)
FNDA:0,Analytics
FNDA:0,(anonymous_3)
FNDA:0,checkIndex
FNDA:0,(anonymous_5)
FNDA:0,checkIndex
FNDA:0,(anonymous_7)
FNDA:0,(anonymous_8)
FNDA:0,checkIndex
DA:23,2
DA:24,2
DA:26,2
DA:45,2
DA:53,0
DA:54,0
DA:72,0
DA:73,0
DA:74,0
DA:75,0
DA:76,0
DA:78,0
DA:79,0
DA:80,0
DA:81,0
DA:85,0
DA:86,0
DA:87,0
DA:90,0
DA:91,0
DA:93,0
DA:96,0
DA:99,0
DA:100,0
DA:101,0
DA:103,0
DA:110,0
DA:117,0
DA:135,0
DA:136,0
DA:137,0
DA:138,0
DA:141,0
DA:142,0
DA:143,0
DA:146,0
DA:147,0
DA:148,0
DA:150,0
DA:153,0
DA:156,0
DA:157,0
DA:158,0
DA:160,0
DA:165,0
DA:167,0
DA:168,0
DA:180,0
DA:196,0
DA:214,0
DA:215,0
DA:216,0
DA:217,0
DA:220,0
DA:221,0
DA:222,0
DA:225,0
DA:226,0
DA:228,0
DA:231,0
DA:234,0
DA:235,0
DA:236,0
DA:238,0
DA:245,0
DA:252,0
DA:270,0
LF:67
LH:4
BRDA:53,0,0,0
BRDA:54,1,0,0
BRDA:99,2,0,0
BRDA:99,2,1,0
BRDA:156,3,0,0
BRDA:156,3,1,0
BRDA:196,4,0,0
BRDA:234,5,0,0
BRDA:234,5,1,0
BRF:9
BRH:0
end_of_record
TN:
SF:src\main\pages\createAdmin.js
FN:9,(anonymous_0)
FN:26,createAdmin
FN:43,(anonymous_2)
FN:64,(anonymous_3)
FN:69,(anonymous_4)
FN:86,(anonymous_5)
FN:96,(anonymous_6)
FN:132,(anonymous_7)
FN:144,(anonymous_8)
FN:152,(anonymous_9)
FN:160,(anonymous_10)
FN:168,(anonymous_11)
FN:177,(anonymous_12)
FN:186,(anonymous_13)
FN:195,(anonymous_14)
FNF:15
FNH:0
FNDA:0,(anonymous_0)
FNDA:0,createAdmin
FNDA:0,(anonymous_2)
FNDA:0,(anonymous_3)
FNDA:0,(anonymous_4)
FNDA:0,(anonymous_5)
FNDA:0,(anonymous_6)
FNDA:0,(anonymous_7)
FNDA:0,(anonymous_8)
FNDA:0,(anonymous_9)
FNDA:0,(anonymous_10)
FNDA:0,(anonymous_11)
FNDA:0,(anonymous_12)
FNDA:0,(anonymous_13)
FNDA:0,(anonymous_14)
DA:5,2
DA:6,2
DA:9,2
DA:10,0
DA:12,0
DA:13,0
DA:16,0
DA:18,0
DA:21,0
DA:23,0
DA:27,0
DA:28,0
DA:29,0
DA:30,0
DA:31,0
DA:33,0
DA:34,0
DA:35,0
DA:36,0
DA:37,0
DA:38,0
DA:39,0
DA:40,0
DA:41,0
DA:43,0
DA:44,0
DA:45,0
DA:65,0
DA:66,0
DA:67,0
DA:70,0
DA:74,0
DA:86,0
DA:96,0
DA:133,0
DA:144,0
DA:152,0
DA:160,0
DA:168,0
DA:177,0
DA:186,0
DA:195,0
LF:42
LH:3
BRDA:10,0,0,0
BRDA:10,0,1,0
BRDA:16,1,0,0
BRDA:16,1,1,0
BRDA:16,2,0,0
BRDA:16,2,1,0
BRDA:44,3,0,0
BRDA:44,3,1,0
BRF:8
BRH:0
end_of_record
TN:
SF:src\main\pages\createPatient.js
FN:18,(anonymous_0)
FN:35,createPatient
FN:44,(anonymous_2)
FN:50,(anonymous_3)
FN:51,(anonymous_4)
FN:58,(anonymous_5)
FN:65,(anonymous_6)
FN:66,(anonymous_7)
FN:70,(anonymous_8)
FN:78,(anonymous_9)
FN:79,(anonymous_10)
FN:95,(anonymous_11)
FN:137,(anonymous_12)
FN:142,(anonymous_13)
FN:152,(anonymous_14)
FN:153,(anonymous_15)
FN:161,(anonymous_16)
FN:181,(anonymous_17)
FN:191,(anonymous_18)
FN:201,(anonymous_19)
FN:233,(anonymous_20)
FN:245,(anonymous_21)
FN:253,(anonymous_22)
FN:261,(anonymous_23)
FN:269,(anonymous_24)
FN:280,(anonymous_25)
FN:291,(anonymous_26)
FN:323,(anonymous_27)
FN:333,(anonymous_28)
FNF:29
FNH:0
FNDA:0,(anonymous_0)
FNDA:0,createPatient
FNDA:0,(anonymous_2)
FNDA:0,(anonymous_3)
FNDA:0,(anonymous_4)
FNDA:0,(anonymous_5)
FNDA:0,(anonymous_6)
FNDA:0,(anonymous_7)
FNDA:0,(anonymous_8)
FNDA:0,(anonymous_9)
FNDA:0,(anonymous_10)
FNDA:0,(anonymous_11)
FNDA:0,(anonymous_12)
FNDA:0,(anonymous_13)
FNDA:0,(anonymous_14)
FNDA:0,(anonymous_15)
FNDA:0,(anonymous_16)
FNDA:0,(anonymous_17)
FNDA:0,(anonymous_18)
FNDA:0,(anonymous_19)
FNDA:0,(anonymous_20)
FNDA:0,(anonymous_21)
FNDA:0,(anonymous_22)
FNDA:0,(anonymous_23)
FNDA:0,(anonymous_24)
FNDA:0,(anonymous_25)
FNDA:0,(anonymous_26)
FNDA:0,(anonymous_27)
FNDA:0,(anonymous_28)
DA:10,2
DA:11,2
DA:18,2
DA:19,0
DA:21,0
DA:22,0
DA:25,0
DA:27,0
DA:30,0
DA:32,0
DA:36,0
DA:37,0
DA:38,0
DA:39,0
DA:41,0
DA:42,0
DA:44,0
DA:45,0
DA:48,0
DA:50,0
DA:51,0
DA:52,0
DA:55,0
DA:56,0
DA:58,0
DA:59,0
DA:63,0
DA:65,0
DA:66,0
DA:67,0
DA:70,0
DA:71,0
DA:75,0
DA:78,0
DA:79,0
DA:80,0
DA:83,0
DA:84,0
DA:85,0
DA:86,0
DA:87,0
DA:88,0
DA:89,0
DA:90,0
DA:91,0
DA:92,0
DA:93,0
DA:95,0
DA:96,0
DA:97,0
DA:98,0
DA:99,0
DA:100,0
DA:102,0
DA:103,0
DA:105,0
DA:106,0
DA:109,0
DA:110,0
DA:138,0
DA:139,0
DA:140,0
DA:143,0
DA:148,0
DA:149,0
DA:151,0
DA:152,0
DA:154,0
DA:155,0
DA:156,0
DA:157,0
DA:158,0
DA:162,0
DA:165,0
DA:166,0
DA:167,0
DA:169,0
DA:181,0
DA:191,0
DA:201,0
DA:234,0
DA:245,0
DA:253,0
DA:261,0
DA:269,0
DA:280,0
DA:291,0
DA:323,0
DA:333,0
LF:89
LH:3
BRDA:19,0,0,0
BRDA:19,0,1,0
BRDA:25,1,0,0
BRDA:25,1,1,0
BRDA:25,2,0,0
BRDA:25,2,1,0
BRDA:109,3,0,0
BRDA:109,3,1,0
BRF:8
BRH:0
end_of_record
TN:
SF:src\main\pages\editMedia.js
FN:25,EditMediaDetails
FN:35,(anonymous_1)
FN:42,(anonymous_2)
FN:51,(anonymous_3)
FN:52,(anonymous_4)
FN:65,(anonymous_5)
FN:73,setupWarningList
FN:94,editMedia
FN:104,(anonymous_8)
FN:112,(anonymous_9)
FN:119,(anonymous_10)
FN:125,displayTriggers
FN:138,pushToDB
FN:181,(anonymous_13)
FN:185,(anonymous_14)
FNF:15
FNH:0
FNDA:0,EditMediaDetails
FNDA:0,(anonymous_1)
FNDA:0,(anonymous_2)
FNDA:0,(anonymous_3)
FNDA:0,(anonymous_4)
FNDA:0,(anonymous_5)
FNDA:0,setupWarningList
FNDA:0,editMedia
FNDA:0,(anonymous_8)
FNDA:0,(anonymous_9)
FNDA:0,(anonymous_10)
FNDA:0,displayTriggers
FNDA:0,pushToDB
FNDA:0,(anonymous_13)
FNDA:0,(anonymous_14)
DA:22,2
DA:23,2
DA:26,0
DA:27,0
DA:28,0
DA:29,0
DA:30,0
DA:32,0
DA:33,0
DA:35,0
DA:36,0
DA:40,0
DA:42,0
DA:43,0
DA:44,0
DA:48,0
DA:51,0
DA:52,0
DA:53,0
DA:55,0
DA:57,0
DA:65,0
DA:75,0
DA:76,0
DA:77,0
DA:79,0
DA:81,0
DA:82,0
DA:86,0
DA:87,0
DA:90,0
DA:96,0
DA:104,0
DA:112,0
DA:119,0
DA:126,0
DA:139,0
DA:140,0
DA:143,0
DA:144,0
DA:145,0
DA:146,0
DA:147,0
DA:148,0
DA:152,0
DA:153,0
DA:154,0
DA:155,0
DA:156,0
DA:157,0
DA:159,0
DA:168,0
DA:173,0
DA:182,0
DA:183,0
DA:186,0
DA:187,0
LF:57
LH:2
BRF:0
BRH:0
end_of_record
TN:
SF:src\main\pages\home.js
FN:46,Home
FN:57,(anonymous_1)
FN:143,(anonymous_2)
FN:156,(anonymous_3)
FN:175,(anonymous_4)
FN:180,(anonymous_5)
FN:185,(anonymous_6)
FN:301,(anonymous_7)
FNF:8
FNH:3
FNDA:1,Home
FNDA:1,(anonymous_1)
FNDA:1,(anonymous_2)
FNDA:0,(anonymous_3)
FNDA:0,(anonymous_4)
FNDA:0,(anonymous_5)
FNDA:0,(anonymous_6)
FNDA:0,(anonymous_7)
DA:4,3
DA:5,3
DA:15,3
DA:33,3
DA:47,1
DA:48,1
DA:49,1
DA:50,1
DA:57,1
DA:58,1
DA:59,1
DA:141,1
DA:143,1
DA:144,1
DA:145,0
DA:147,0
DA:148,0
DA:149,0
DA:150,0
DA:157,0
DA:169,0
DA:175,0
DA:180,0
DA:185,0
DA:202,1
DA:302,0
LF:26
LH:15
BRDA:58,0,0,1
BRDA:58,0,1,0
BRDA:144,1,0,0
BRDA:144,1,1,1
BRF:4
BRH:2
end_of_record
TN:
SF:src\main\pages\login.js
FN:15,LoginScreen
FN:19,(anonymous_1)
FN:25,(anonymous_2)
FN:26,(anonymous_3)
FN:49,(anonymous_4)
FN:50,(anonymous_5)
FN:54,(anonymous_6)
FN:85,(anonymous_7)
FN:86,(anonymous_8)
FN:112,(anonymous_9)
FN:123,(anonymous_10)
FN:124,(anonymous_11)
FN:143,(anonymous_12)
FN:144,(anonymous_13)
FN:171,(anonymous_14)
FN:195,(anonymous_15)
FN:212,(anonymous_16)
FN:223,(anonymous_17)
FNF:18
FNH:1
FNDA:5,LoginScreen
FNDA:0,(anonymous_1)
FNDA:0,(anonymous_2)
FNDA:0,(anonymous_3)
FNDA:0,(anonymous_4)
FNDA:0,(anonymous_5)
FNDA:0,(anonymous_6)
FNDA:0,(anonymous_7)
FNDA:0,(anonymous_8)
FNDA:0,(anonymous_9)
FNDA:0,(anonymous_10)
FNDA:0,(anonymous_11)
FNDA:0,(anonymous_12)
FNDA:0,(anonymous_13)
FNDA:0,(anonymous_14)
FNDA:0,(anonymous_15)
FNDA:0,(anonymous_16)
FNDA:0,(anonymous_17)
DA:13,3
DA:16,5
DA:17,5
DA:19,5
DA:20,0
DA:21,0
DA:22,0
DA:25,0
DA:27,0
DA:28,0
DA:29,0
DA:30,0
DA:32,0
DA:34,0
DA:37,0
DA:38,0
DA:39,0
DA:40,0
DA:42,0
DA:44,0
DA:45,0
DA:46,0
DA:49,0
DA:51,0
DA:52,0
DA:55,0
DA:56,0
DA:58,0
DA:59,0
DA:60,0
DA:81,0
DA:82,0
DA:85,0
DA:87,0
DA:88,0
DA:89,0
DA:90,0
DA:91,0
DA:92,0
DA:93,0
DA:94,0
DA:95,0
DA:99,0
DA:101,0
DA:102,0
DA:108,0
DA:110,0
DA:112,0
DA:113,0
DA:117,0
DA:118,0
DA:119,0
DA:120,0
DA:123,0
DA:125,0
DA:126,0
DA:127,0
DA:128,0
DA:129,0
DA:139,0
DA:140,0
DA:143,0
DA:145,0
DA:146,0
DA:147,0
DA:148,0
DA:149,0
DA:150,0
DA:151,0
DA:152,0
DA:153,0
DA:157,0
DA:159,0
DA:160,0
DA:166,0
DA:168,0
DA:171,0
DA:172,0
DA:186,0
DA:187,0
DA:191,0
DA:192,0
DA:196,0
DA:197,0
DA:201,5
DA:212,0
DA:223,0
LF:87
LH:5
BRDA:28,0,0,0
BRDA:28,0,1,0
BRDA:37,1,0,0
BRDA:37,1,1,0
BRDA:58,2,0,0
BRDA:58,2,1,0
BRF:6
BRH:0
end_of_record
TN:
SF:src\main\pages\mediaDetails.js
FN:9,MediaDetails
FN:31,displayTable
FN:41,setupTable
FN:56,getMediaDetails
FNF:4
FNH:0
FNDA:0,MediaDetails
FNDA:0,displayTable
FNDA:0,setupTable
FNDA:0,getMediaDetails
DA:6,2
DA:7,2
DA:10,0
DA:11,0
DA:12,0
DA:13,0
DA:14,0
DA:16,0
DA:17,0
DA:19,0
DA:21,0
DA:32,0
DA:42,0
DA:57,0
DA:58,0
DA:60,0
DA:65,0
LF:17
LH:2
BRF:0
BRH:0
end_of_record
TN:
SF:src\main\pages\patientDetails.js
FN:10,PatientDetail
FN:37,loadPatientDetails
FN:38,updatePatient
FN:72,(anonymous_3)
FN:77,(anonymous_4)
FN:83,removePatient
FN:88,(anonymous_6)
FN:95,(anonymous_7)
FN:117,(anonymous_8)
FN:127,(anonymous_9)
FN:140,(anonymous_10)
FN:150,(anonymous_11)
FN:162,(anonymous_12)
FN:174,(anonymous_13)
FN:186,(anonymous_14)
FN:200,(anonymous_15)
FN:216,(anonymous_16)
FN:232,(anonymous_17)
FN:247,(anonymous_18)
FN:262,(anonymous_19)
FN:276,(anonymous_20)
FN:284,(anonymous_21)
FN:289,(anonymous_22)
FNF:23
FNH:2
FNDA:1,PatientDetail
FNDA:1,loadPatientDetails
FNDA:0,updatePatient
FNDA:0,(anonymous_3)
FNDA:0,(anonymous_4)
FNDA:0,removePatient
FNDA:0,(anonymous_6)
FNDA:0,(anonymous_7)
FNDA:0,(anonymous_8)
FNDA:0,(anonymous_9)
FNDA:0,(anonymous_10)
FNDA:0,(anonymous_11)
FNDA:0,(anonymous_12)
FNDA:0,(anonymous_13)
FNDA:0,(anonymous_14)
FNDA:0,(anonymous_15)
FNDA:0,(anonymous_16)
FNDA:0,(anonymous_17)
FNDA:0,(anonymous_18)
FNDA:0,(anonymous_19)
FNDA:0,(anonymous_20)
FNDA:0,(anonymous_21)
FNDA:0,(anonymous_22)
DA:7,3
DA:8,3
DA:11,1
DA:12,1
DA:13,1
DA:14,1
DA:15,1
DA:16,1
DA:17,1
DA:39,0
DA:40,0
DA:60,0
DA:61,0
DA:62,0
DA:63,0
DA:64,0
DA:73,0
DA:74,0
DA:75,0
DA:78,0
DA:84,0
DA:85,0
DA:86,0
DA:87,0
DA:89,0
DA:90,0
DA:93,0
DA:96,0
DA:97,0
DA:103,1
DA:117,0
DA:127,0
DA:140,0
DA:150,0
DA:162,0
DA:174,0
DA:186,0
DA:200,0
DA:216,0
DA:232,0
DA:247,0
DA:262,0
DA:276,0
DA:284,0
DA:289,0
DA:296,1
LF:46
LH:11
BRDA:61,0,0,0
BRDA:61,0,1,0
BRF:2
BRH:0
end_of_record
TN:
SF:src\main\pages\personalDetails.js
FN:9,PersonalDetails
FN:14,updateUser
FN:48,(anonymous_2)
FN:53,(anonymous_3)
FN:82,(anonymous_4)
FN:87,(anonymous_5)
FN:104,(anonymous_6)
FN:114,(anonymous_7)
FN:127,(anonymous_8)
FN:137,(anonymous_9)
FN:149,(anonymous_10)
FN:161,(anonymous_11)
FN:173,(anonymous_12)
FN:186,(anonymous_13)
FN:195,(anonymous_14)
FNF:15
FNH:0
FNDA:0,PersonalDetails
FNDA:0,updateUser
FNDA:0,(anonymous_2)
FNDA:0,(anonymous_3)
FNDA:0,(anonymous_4)
FNDA:0,(anonymous_5)
FNDA:0,(anonymous_6)
FNDA:0,(anonymous_7)
FNDA:0,(anonymous_8)
FNDA:0,(anonymous_9)
FNDA:0,(anonymous_10)
FNDA:0,(anonymous_11)
FNDA:0,(anonymous_12)
FNDA:0,(anonymous_13)
FNDA:0,(anonymous_14)
DA:6,2
DA:7,2
DA:10,0
DA:11,0
DA:12,0
DA:13,0
DA:15,0
DA:16,0
DA:36,0
DA:37,0
DA:38,0
DA:39,0
DA:40,0
DA:49,0
DA:50,0
DA:51,0
DA:54,0
DA:58,0
DA:70,0
DA:71,0
DA:72,0
DA:73,0
DA:74,0
DA:83,0
DA:84,0
DA:85,0
DA:88,0
DA:93,0
DA:104,0
DA:114,0
DA:127,0
DA:137,0
DA:149,0
DA:161,0
DA:173,0
DA:186,0
DA:195,0
LF:37
LH:2
BRDA:15,0,0,0
BRDA:15,0,1,0
BRDA:37,1,0,0
BRDA:37,1,1,0
BRDA:71,2,0,0
BRDA:71,2,1,0
BRF:6
BRH:0
end_of_record
TN:
SF:src\main\pages\stylesheets\analyticsStyle.js
FNF:0
FNH:0
DA:3,2
LF:1
LH:1
BRF:0
BRH:0
end_of_record
TN:
SF:src\main\pages\stylesheets\createPatientPage.js
FNF:0
FNH:0
DA:3,2
LF:1
LH:1
BRF:0
BRH:0
end_of_record
TN:
SF:src\main\pages\stylesheets\homeStyle.js
FNF:0
FNH:0
DA:3,3
LF:1
LH:1
BRF:0
BRH:0
end_of_record
TN:
SF:src\main\pages\stylesheets\loginStyles.js
FNF:0
FNH:0
DA:3,3
LF:1
LH:1
BRF:0
BRH:0
end_of_record
TN:
SF:src\main\pages\stylesheets\mediaDetailsStyle.js
FNF:0
FNH:0
DA:3,2
LF:1
LH:1
BRF:0
BRH:0
end_of_record
TN:
SF:src\main\pages\stylesheets\navStyle.js
FNF:0
FNH:0
DA:3,3
LF:1
LH:1
BRF:0
BRH:0
end_of_record
TN:
SF:src\main\pages\stylesheets\patientDetailsStyle.js
FNF:0
FNH:0
DA:3,3
LF:1
LH:1
BRF:0
BRH:0
end_of_record
TN:
SF:src\main\pages\stylesheets\personalDetailsStyle.js
FNF:0
FNH:0
DA:3,2
LF:1
LH:1
BRF:0
BRH:0
end_of_record
TN:
SF:src\main\pages\stylesheets\styles.js
FNF:0
FNH:0
DA:3,4
LF:1
LH:1
BRF:0
BRH:0
end_of_record
